{"meta": {"format": 3, "version": "7.14.1", "timestamp": "2026-06-10T23:47:50.045444", "branch_coverage": false, "show_contexts": false}, "files": {"audit\\__init__.py": {"executed_lines": [33, 41], "summary": {"covered_lines": 2, "num_statements": 2, "percent_covered": 100.0, "percent_covered_display": "100", "missing_lines": 0, "excluded_lines": 0, "percent_statements_covered": 100.0, "percent_statements_covered_display": "100"}, "missing_lines": [], "excluded_lines": [], "functions": {"": {"executed_lines": [33, 41], "summary": {"covered_lines": 2, "num_statements": 2, "percent_covered": 100.0, "percent_covered_display": "100", "missing_lines": 0, "excluded_lines": 0, "percent_statements_covered": 100.0, "percent_statements_covered_display": "100"}, "missing_lines": [], "excluded_lines": [], "start_line": 1}}, "classes": {"": {"executed_lines": [33, 41], "summary": {"covered_lines": 2, "num_statements": 2, "percent_covered": 100.0, "percent_covered_display": "100", "missing_lines": 0, "excluded_lines": 0, "percent_statements_covered": 100.0, "percent_statements_covered_display": "100"}, "missing_lines": [], "excluded_lines": [], "start_line": 1}}}, "audit\\api.py": {"executed_lines": [17, 19, 20, 21, 22, 24, 25, 26, 28, 30, 31, 33, 35, 38, 43, 44, 45, 46, 49, 59, 67, 82, 85, 99, 110, 193, 205, 251, 261, 267, 268, 271, 287], "summary": {"covered_lines": 33, "num_statements": 110, "percent_covered": 30.0, "percent_covered_display": "30", "missing_lines": 77, "excluded_lines": 8, "percent_statements_covered": 30.0, "percent_statements_covered_display": "30"}, "missing_lines": [50, 51, 52, 53, 54, 55, 56, 68, 69, 70, 71, 72, 73, 74, 78, 79, 80, 81, 91, 92, 93, 122, 124, 125, 126, 127, 128, 129, 131, 132, 133, 135, 136, 147, 148, 152, 153, 154, 179, 211, 212, 213, 214, 216, 217, 218, 219, 221, 225, 226, 228, 229, 230, 244, 296, 297, 298, 299, 300, 301, 302, 303, 304, 305, 306, 307, 308, 309, 310, 311, 312, 316, 317, 320, 322, 323, 347], "excluded_lines": [176, 177, 241, 242, 313, 314, 342, 343], "functions": {"_get_orchestrator": {"executed_lines": [], "summary": {"covered_lines": 0, "num_statements": 7, "percent_covered": 0.0, "percent_covered_display": "0", "missing_lines": 7, "excluded_lines": 0, "percent_statements_covered": 0.0, "percent_statements_covered_display": "0"}, "missing_lines": [50, 51, 52, 53, 54, 55, 56], "excluded_lines": [], "start_line": 49}, "_availability_resolver": {"executed_lines": [67, 82], "summary": {"covered_lines": 2, "num_statements": 2, "percent_covered": 100.0, "percent_covered_display": "100", "missing_lines": 0, "excluded_lines": 0, "percent_statements_covered": 100.0, "percent_statements_covered_display": "100"}, "missing_lines": [], "excluded_lines": [], "start_line": 59}, "_availability_resolver.resolve": {"executed_lines": [], "summary": {"covered_lines": 0, "num_statements": 11, "percent_covered": 0.0, "percent_covered_display": "0", "missing_lines": 11, "excluded_lines": 0, "percent_statements_covered": 0.0, "percent_statements_covered_display": "0"}, "missing_lines": [68, 69, 70, 71, 72, 73, 74, 78, 79, 80, 81], "excluded_lines": [], "start_line": 67}, "_reject_forbidden_params": {"executed_lines": [], "summary": {"covered_lines": 0, "num_statements": 3, "percent_covered": 0.0, "percent_covered_display": "0", "missing_lines": 3, "excluded_lines": 0, "percent_statements_covered": 0.0, "percent_statements_covered_display": "0"}, "missing_lines": [91, 92, 93], "excluded_lines": [], "start_line": 85}, "list_audit": {"executed_lines": [], "summary": {"covered_lines": 0, "num_statements": 18, "percent_covered": 0.0, "percent_covered_display": "0", "missing_lines": 18, "excluded_lines": 2, "percent_statements_covered": 0.0, "percent_statements_covered_display": "0"}, "missing_lines": [122, 124, 125, 126, 127, 128, 129, 131, 132, 133, 135, 136, 147, 148, 152, 153, 154, 179], "excluded_lines": [176, 177], "start_line": 110}, "get_audit_event": {"executed_lines": [], "summary": {"covered_lines": 0, "num_statements": 15, "percent_covered": 0.0, "percent_covered_display": "0", "missing_lines": 15, "excluded_lines": 2, "percent_statements_covered": 0.0, "percent_statements_covered_display": "0"}, "missing_lines": [211, 212, 213, 214, 216, 217, 218, 219, 221, 225, 226, 228, 229, 230, 244], "excluded_lines": [241, 242], "start_line": 205}, "post_session_resume_failed": {"executed_lines": [], "summary": {"covered_lines": 0, "num_statements": 23, "percent_covered": 0.0, "percent_covered_display": "0", "missing_lines": 23, "excluded_lines": 4, "percent_statements_covered": 0.0, "percent_statements_covered_display": "0"}, "missing_lines": [296, 297, 298, 299, 300, 301, 302, 303, 304, 305, 306, 307, 308, 309, 310, 311, 312, 316, 317, 320, 322, 323, 347], "excluded_lines": [313, 314, 342, 343], "start_line": 287}, "": {"executed_lines": [17, 19, 20, 21, 22, 24, 25, 26, 28, 30, 31, 33, 35, 38, 43, 44, 45, 46, 49, 59, 85, 99, 110, 193, 205, 251, 261, 267, 268, 271, 287], "summary": {"covered_lines": 31, "num_statements": 31, "percent_covered": 100.0, "percent_covered_display": "100", "missing_lines": 0, "excluded_lines": 0, "percent_statements_covered": 100.0, "percent_statements_covered_display": "100"}, "missing_lines": [], "excluded_lines": [], "start_line": 1}}, "classes": {"AuditListResponse": {"executed_lines": [], "summary": {"covered_lines": 0, "num_statements": 0, "percent_covered": 100.0, "percent_covered_display": "100", "missing_lines": 0, "excluded_lines": 0, "percent_statements_covered": 100.0, "percent_statements_covered_display": "100"}, "missing_lines": [], "excluded_lines": [], "start_line": 43}, "SessionResumeFailedBody": {"executed_lines": [], "summary": {"covered_lines": 0, "num_statements": 0, "percent_covered": 100.0, "percent_covered_display": "100", "missing_lines": 0, "excluded_lines": 0, "percent_statements_covered": 100.0, "percent_statements_covered_display": "100"}, "missing_lines": [], "excluded_lines": [], "start_line": 251}, "": {"executed_lines": [17, 19, 20, 21, 22, 24, 25, 26, 28, 30, 31, 33, 35, 38, 43, 44, 45, 46, 49, 59, 67, 82, 85, 99, 110, 193, 205, 251, 261, 267, 268, 271, 287], "summary": {"covered_lines": 33, "num_statements": 110, "percent_covered": 30.0, "percent_covered_display": "30", "missing_lines": 77, "excluded_lines": 8, "percent_statements_covered": 30.0, "percent_statements_covered_display": "30"}, "missing_lines": [50, 51, 52, 53, 54, 55, 56, 68, 69, 70, 71, 72, 73, 74, 78, 79, 80, 81, 91, 92, 93, 122, 124, 125, 126, 127, 128, 129, 131, 132, 133, 135, 136, 147, 148, 152, 153, 154, 179, 211, 212, 213, 214, 216, 217, 218, 219, 221, 225, 226, 228, 229, 230, 244, 296, 297, 298, 299, 300, 301, 302, 303, 304, 305, 306, 307, 308, 309, 310, 311, 312, 316, 317, 320, 322, 323, 347], "excluded_lines": [176, 177, 241, 242, 313, 314, 342, 343], "start_line": 1}}}, "audit\\cli.py": {"executed_lines": [], "summary": {"covered_lines": 0, "num_statements": 40, "percent_covered": 0.0, "percent_covered_display": "0", "missing_lines": 40, "excluded_lines": 2, "percent_statements_covered": 0.0, "percent_statements_covered_display": "0"}, "missing_lines": [23, 25, 26, 27, 28, 29, 30, 33, 34, 35, 38, 39, 40, 41, 44, 45, 46, 47, 48, 49, 50, 51, 54, 55, 56, 57, 58, 59, 62, 63, 64, 65, 67, 68, 69, 71, 72, 78, 80, 81], "excluded_lines": [84, 85], "functions": {"_make_repo": {"executed_lines": [], "summary": {"covered_lines": 0, "num_statements": 3, "percent_covered": 0.0, "percent_covered_display": "0", "missing_lines": 3, "excluded_lines": 0, "percent_statements_covered": 0.0, "percent_statements_covered_display": "0"}, "missing_lines": [39, 40, 41], "excluded_lines": [], "start_line": 38}, "cmd_verify_chain": {"executed_lines": [], "summary": {"covered_lines": 0, "num_statements": 7, "percent_covered": 0.0, "percent_covered_display": "0", "missing_lines": 7, "excluded_lines": 0, "percent_statements_covered": 0.0, "percent_statements_covered_display": "0"}, "missing_lines": [45, 46, 47, 48, 49, 50, 51], "excluded_lines": [], "start_line": 44}, "cmd_purge_expired": {"executed_lines": [], "summary": {"covered_lines": 0, "num_statements": 5, "percent_covered": 0.0, "percent_covered_display": "0", "missing_lines": 5, "excluded_lines": 0, "percent_statements_covered": 0.0, "percent_statements_covered_display": "0"}, "missing_lines": [55, 56, 57, 58, 59], "excluded_lines": [], "start_line": 54}, "main": {"executed_lines": [], "summary": {"covered_lines": 0, "num_statements": 11, "percent_covered": 0.0, "percent_covered_display": "0", "missing_lines": 11, "excluded_lines": 0, "percent_statements_covered": 0.0, "percent_statements_covered_display": "0"}, "missing_lines": [63, 64, 65, 67, 68, 69, 71, 72, 78, 80, 81], "excluded_lines": [], "start_line": 62}, "": {"executed_lines": [], "summary": {"covered_lines": 0, "num_statements": 14, "percent_covered": 0.0, "percent_covered_display": "0", "missing_lines": 14, "excluded_lines": 2, "percent_statements_covered": 0.0, "percent_statements_covered_display": "0"}, "missing_lines": [23, 25, 26, 27, 28, 29, 30, 33, 34, 35, 38, 44, 54, 62], "excluded_lines": [84, 85], "start_line": 1}}, "classes": {"": {"executed_lines": [], "summary": {"covered_lines": 0, "num_statements": 40, "percent_covered": 0.0, "percent_covered_display": "0", "missing_lines": 40, "excluded_lines": 2, "percent_statements_covered": 0.0, "percent_statements_covered_display": "0"}, "missing_lines": [23, 25, 26, 27, 28, 29, 30, 33, 34, 35, 38, 39, 40, 41, 44, 45, 46, 47, 48, 49, 50, 51, 54, 55, 56, 57, 58, 59, 62, 63, 64, 65, 67, 68, 69, 71, 72, 78, 80, 81], "excluded_lines": [84, 85], "start_line": 1}}}, "audit\\hooks.py": {"executed_lines": [15, 17, 18, 20, 21, 23, 29, 38, 40, 41, 42, 43, 50, 55, 56, 58, 59, 61, 62, 85, 93, 137, 179, 189, 205, 206, 229, 233, 236, 237, 247, 270, 305, 313, 314, 315], "summary": {"covered_lines": 36, "num_statements": 119, "percent_covered": 30.252100840336134, "percent_covered_display": "30", "missing_lines": 83, "excluded_lines": 12, "percent_statements_covered": 30.252100840336134, "percent_statements_covered_display": "30"}, "missing_lines": [39, 57, 60, 99, 100, 101, 102, 103, 104, 105, 106, 107, 108, 110, 111, 112, 113, 114, 115, 116, 149, 150, 151, 152, 153, 154, 155, 156, 157, 158, 159, 194, 195, 196, 197, 198, 199, 200, 201, 202, 203, 213, 214, 215, 216, 217, 218, 219, 220, 221, 222, 223, 224, 225, 226, 227, 230, 231, 234, 245, 248, 249, 250, 251, 252, 253, 268, 271, 272, 273, 274, 275, 276, 277, 278, 279, 280, 281, 316, 317, 318, 319, 320], "excluded_lines": [77, 78, 129, 130, 171, 172, 266, 267, 297, 298, 335, 336], "functions": {"actor_principal_from_claims": {"executed_lines": [38, 40, 41, 42, 43], "summary": {"covered_lines": 5, "num_statements": 6, "percent_covered": 83.33333333333333, "percent_covered_display": "83", "missing_lines": 1, "excluded_lines": 0, "percent_statements_covered": 83.33333333333333, "percent_statements_covered_display": "83"}, "missing_lines": [39], "excluded_lines": [], "start_line": 29}, "record_auth_event": {"executed_lines": [55, 56, 58, 59, 61, 62], "summary": {"covered_lines": 6, "num_statements": 8, "percent_covered": 75.0, "percent_covered_display": "75", "missing_lines": 2, "excluded_lines": 2, "percent_statements_covered": 75.0, "percent_statements_covered_display": "75"}, "missing_lines": [57, 60], "excluded_lines": [77, 78], "start_line": 50}, "record_ws_action": {"executed_lines": [], "summary": {"covered_lines": 0, "num_statements": 17, "percent_covered": 0.0, "percent_covered_display": "0", "missing_lines": 17, "excluded_lines": 2, "percent_statements_covered": 0.0, "percent_statements_covered_display": "0"}, "missing_lines": [99, 100, 101, 102, 103, 104, 105, 106, 107, 108, 110, 111, 112, 113, 114, 115, 116], "excluded_lines": [129, 130], "start_line": 93}, "record_workspace_event": {"executed_lines": [], "summary": {"covered_lines": 0, "num_statements": 11, "percent_covered": 0.0, "percent_covered_display": "0", "missing_lines": 11, "excluded_lines": 2, "percent_statements_covered": 0.0, "percent_statements_covered_display": "0"}, "missing_lines": [149, 150, 151, 152, 153, 154, 155, 156, 157, 158, 159], "excluded_lines": [171, 172], "start_line": 137}, "ToolDispatchAudit.__init__": {"executed_lines": [], "summary": {"covered_lines": 0, "num_statements": 10, "percent_covered": 0.0, "percent_covered_display": "0", "missing_lines": 10, "excluded_lines": 0, "percent_statements_covered": 0.0, "percent_statements_covered_display": "0"}, "missing_lines": [194, 195, 196, 197, 198, 199, 200, 201, 202, 203], "excluded_lines": [], "start_line": 189}, "ToolDispatchAudit._sanitize_args_meta": {"executed_lines": [], "summary": {"covered_lines": 0, "num_statements": 15, "percent_covered": 0.0, "percent_covered_display": "0", "missing_lines": 15, "excluded_lines": 0, "percent_statements_covered": 0.0, "percent_statements_covered_display": "0"}, "missing_lines": [213, 214, 215, 216, 217, 218, 219, 220, 221, 222, 223, 224, 225, 226, 227], "excluded_lines": [], "start_line": 206}, "ToolDispatchAudit.set_outcome": {"executed_lines": [], "summary": {"covered_lines": 0, "num_statements": 2, "percent_covered": 0.0, "percent_covered_display": "0", "missing_lines": 2, "excluded_lines": 0, "percent_statements_covered": 0.0, "percent_statements_covered_display": "0"}, "missing_lines": [230, 231], "excluded_lines": [], "start_line": 229}, "ToolDispatchAudit.set_outputs_meta": {"executed_lines": [], "summary": {"covered_lines": 0, "num_statements": 1, "percent_covered": 0.0, "percent_covered_display": "0", "missing_lines": 1, "excluded_lines": 0, "percent_statements_covered": 0.0, "percent_statements_covered_display": "0"}, "missing_lines": [234], "excluded_lines": [], "start_line": 233}, "ToolDispatchAudit.correlation_id": {"executed_lines": [], "summary": {"covered_lines": 0, "num_statements": 1, "percent_covered": 0.0, "percent_covered_display": "0", "missing_lines": 1, "excluded_lines": 0, "percent_statements_covered": 0.0, "percent_statements_covered_display": "0"}, "missing_lines": [245], "excluded_lines": [], "start_line": 237}, "ToolDispatchAudit.__aenter__": {"executed_lines": [], "summary": {"covered_lines": 0, "num_statements": 7, "percent_covered": 0.0, "percent_covered_display": "0", "missing_lines": 7, "excluded_lines": 2, "percent_statements_covered": 0.0, "percent_statements_covered_display": "0"}, "missing_lines": [248, 249, 250, 251, 252, 253, 268], "excluded_lines": [266, 267], "start_line": 247}, "ToolDispatchAudit.__aexit__": {"executed_lines": [], "summary": {"covered_lines": 0, "num_statements": 11, "percent_covered": 0.0, "percent_covered_display": "0", "missing_lines": 11, "excluded_lines": 2, "percent_statements_covered": 0.0, "percent_statements_covered_display": "0"}, "missing_lines": [271, 272, 273, 274, 275, 276, 277, 278, 279, 280, 281], "excluded_lines": [297, 298], "start_line": 270}, "record_generic": {"executed_lines": [313, 314, 315], "summary": {"covered_lines": 3, "num_statements": 8, "percent_covered": 37.5, "percent_covered_display": "38", "missing_lines": 5, "excluded_lines": 2, "percent_statements_covered": 37.5, "percent_statements_covered_display": "38"}, "missing_lines": [316, 317, 318, 319, 320], "excluded_lines": [335, 336], "start_line": 305}, "": {"executed_lines": [15, 17, 18, 20, 21, 23, 29, 50, 85, 93, 137, 179, 189, 205, 206, 229, 233, 236, 237, 247, 270, 305], "summary": {"covered_lines": 22, "num_statements": 22, "percent_covered": 100.0, "percent_covered_display": "100", "missing_lines": 0, "excluded_lines": 0, "percent_statements_covered": 100.0, "percent_statements_covered_display": "100"}, "missing_lines": [], "excluded_lines": [], "start_line": 1}}, "classes": {"ToolDispatchAudit": {"executed_lines": [], "summary": {"covered_lines": 0, "num_statements": 47, "percent_covered": 0.0, "percent_covered_display": "0", "missing_lines": 47, "excluded_lines": 4, "percent_statements_covered": 0.0, "percent_statements_covered_display": "0"}, "missing_lines": [194, 195, 196, 197, 198, 199, 200, 201, 202, 203, 213, 214, 215, 216, 217, 218, 219, 220, 221, 222, 223, 224, 225, 226, 227, 230, 231, 234, 245, 248, 249, 250, 251, 252, 253, 268, 271, 272, 273, 274, 275, 276, 277, 278, 279, 280, 281], "excluded_lines": [266, 267, 297, 298], "start_line": 179}, "": {"executed_lines": [15, 17, 18, 20, 21, 23, 29, 38, 40, 41, 42, 43, 50, 55, 56, 58, 59, 61, 62, 85, 93, 137, 179, 189, 205, 206, 229, 233, 236, 237, 247, 270, 305, 313, 314, 315], "summary": {"covered_lines": 36, "num_statements": 72, "percent_covered": 50.0, "percent_covered_display": "50", "missing_lines": 36, "excluded_lines": 8, "percent_statements_covered": 50.0, "percent_statements_covered_display": "50"}, "missing_lines": [39, 57, 60, 99, 100, 101, 102, 103, 104, 105, 106, 107, 108, 110, 111, 112, 113, 114, 115, 116, 149, 150, 151, 152, 153, 154, 155, 156, 157, 158, 159, 316, 317, 318, 319, 320], "excluded_lines": [77, 78, 129, 130, 171, 172, 335, 336], "start_line": 1}}}, "audit\\middleware.py": {"executed_lines": [], "summary": {"covered_lines": 0, "num_statements": 33, "percent_covered": 0.0, "percent_covered_display": "0", "missing_lines": 33, "excluded_lines": 2, "percent_statements_covered": 0.0, "percent_statements_covered_display": "0"}, "missing_lines": [13, 15, 16, 17, 19, 20, 22, 23, 25, 27, 37, 40, 41, 42, 43, 44, 46, 47, 54, 55, 56, 57, 58, 59, 60, 61, 63, 64, 65, 66, 67, 68, 84], "excluded_lines": [82, 83], "functions": {"AuditHTTPMiddleware.dispatch": {"executed_lines": [], "summary": {"covered_lines": 0, "num_statements": 21, "percent_covered": 0.0, "percent_covered_display": "0", "missing_lines": 21, "excluded_lines": 2, "percent_statements_covered": 0.0, "percent_statements_covered_display": "0"}, "missing_lines": [41, 42, 43, 44, 46, 47, 54, 55, 56, 57, 58, 59, 60, 61, 63, 64, 65, 66, 67, 68, 84], "excluded_lines": [82, 83], "start_line": 40}, "": {"executed_lines": [], "summary": {"covered_lines": 0, "num_statements": 12, "percent_covered": 0.0, "percent_covered_display": "0", "missing_lines": 12, "excluded_lines": 0, "percent_statements_covered": 0.0, "percent_statements_covered_display": "0"}, "missing_lines": [13, 15, 16, 17, 19, 20, 22, 23, 25, 27, 37, 40], "excluded_lines": [], "start_line": 1}}, "classes": {"AuditHTTPMiddleware": {"executed_lines": [], "summary": {"covered_lines": 0, "num_statements": 21, "percent_covered": 0.0, "percent_covered_display": "0", "missing_lines": 21, "excluded_lines": 2, "percent_statements_covered": 0.0, "percent_statements_covered_display": "0"}, "missing_lines": [41, 42, 43, 44, 46, 47, 54, 55, 56, 57, 58, 59, 60, 61, 63, 64, 65, 66, 67, 68, 84], "excluded_lines": [82, 83], "start_line": 37}, "": {"executed_lines": [], "summary": {"covered_lines": 0, "num_statements": 12, "percent_covered": 0.0, "percent_covered_display": "0", "missing_lines": 12, "excluded_lines": 0, "percent_statements_covered": 0.0, "percent_statements_covered_display": "0"}, "missing_lines": [13, 15, 16, 17, 19, 20, 22, 23, 25, 27, 37, 40], "excluded_lines": [], "start_line": 1}}}, "audit\\pii.py": {"executed_lines": [17, 19, 20, 21, 22, 23, 24, 25, 27, 33, 36, 46, 47, 49, 50, 51, 59, 61, 68, 71, 88, 94, 101, 109, 111, 112, 113, 114, 115, 120, 123, 124, 126, 133, 150, 157, 158, 159, 160], "summary": {"covered_lines": 39, "num_statements": 62, "percent_covered": 62.903225806451616, "percent_covered_display": "63", "missing_lines": 23, "excluded_lines": 0, "percent_statements_covered": 62.903225806451616, "percent_statements_covered_display": "63"}, "missing_lines": [48, 52, 56, 80, 81, 82, 83, 84, 85, 110, 116, 117, 118, 119, 122, 125, 141, 142, 143, 144, 145, 146, 147], "excluded_lines": [], "functions": {"_load_secret_for_key_id": {"executed_lines": [46, 47, 49, 50, 51], "summary": {"covered_lines": 5, "num_statements": 8, "percent_covered": 62.5, "percent_covered_display": "62", "missing_lines": 3, "excluded_lines": 0, "percent_statements_covered": 62.5, "percent_statements_covered_display": "62"}, "missing_lines": [48, 52, 56], "excluded_lines": [], "start_line": 36}, "get_active_key_id": {"executed_lines": [61], "summary": {"covered_lines": 1, "num_statements": 1, "percent_covered": 100.0, "percent_covered_display": "100", "missing_lines": 0, "excluded_lines": 0, "percent_statements_covered": 100.0, "percent_statements_covered_display": "100"}, "missing_lines": [], "excluded_lines": [], "start_line": 59}, "normalize_extension": {"executed_lines": [], "summary": {"covered_lines": 0, "num_statements": 6, "percent_covered": 0.0, "percent_covered_display": "0", "missing_lines": 6, "excluded_lines": 0, "percent_statements_covered": 0.0, "percent_statements_covered_display": "0"}, "missing_lines": [80, 81, 82, 83, 84, 85], "excluded_lines": [], "start_line": 71}, "strip_filename": {"executed_lines": [109, 111, 112, 113, 114, 115, 120, 123, 124, 126], "summary": {"covered_lines": 10, "num_statements": 17, "percent_covered": 58.8235294117647, "percent_covered_display": "59", "missing_lines": 7, "excluded_lines": 0, "percent_statements_covered": 58.8235294117647, "percent_statements_covered_display": "59"}, "missing_lines": [110, 116, 117, 118, 119, 122, 125], "excluded_lines": [], "start_line": 101}, "hmac_digest": {"executed_lines": [], "summary": {"covered_lines": 0, "num_statements": 7, "percent_covered": 0.0, "percent_covered_display": "0", "missing_lines": 7, "excluded_lines": 0, "percent_statements_covered": 0.0, "percent_statements_covered_display": "0"}, "missing_lines": [141, 142, 143, 144, 145, 146, 147], "excluded_lines": [], "start_line": 133}, "chain_hmac": {"executed_lines": [157, 158, 159, 160], "summary": {"covered_lines": 4, "num_statements": 4, "percent_covered": 100.0, "percent_covered_display": "100", "missing_lines": 0, "excluded_lines": 0, "percent_statements_covered": 100.0, "percent_statements_covered_display": "100"}, "missing_lines": [], "excluded_lines": [], "start_line": 150}, "": {"executed_lines": [17, 19, 20, 21, 22, 23, 24, 25, 27, 33, 36, 59, 68, 71, 88, 94, 101, 133, 150], "summary": {"covered_lines": 19, "num_statements": 19, "percent_covered": 100.0, "percent_covered_display": "100", "missing_lines": 0, "excluded_lines": 0, "percent_statements_covered": 100.0, "percent_statements_covered_display": "100"}, "missing_lines": [], "excluded_lines": [], "start_line": 1}}, "classes": {"": {"executed_lines": [17, 19, 20, 21, 22, 23, 24, 25, 27, 33, 36, 46, 47, 49, 50, 51, 59, 61, 68, 71, 88, 94, 101, 109, 111, 112, 113, 114, 115, 120, 123, 124, 126, 133, 150, 157, 158, 159, 160], "summary": {"covered_lines": 39, "num_statements": 62, "percent_covered": 62.903225806451616, "percent_covered_display": "63", "missing_lines": 23, "excluded_lines": 0, "percent_statements_covered": 62.903225806451616, "percent_statements_covered_display": "63"}, "missing_lines": [48, 52, 56, 80, 81, 82, 83, 84, 85, 110, 116, 117, 118, 119, 122, 125, 141, 142, 143, 144, 145, 146, 147], "excluded_lines": [], "start_line": 1}}}, "audit\\recorder.py": {"executed_lines": [25, 27, 28, 29, 30, 31, 32, 33, 34, 35, 37, 38, 40, 42, 45, 46, 47, 48, 51, 60, 61, 62, 63, 64, 65, 71, 77, 79, 88, 89, 90, 91, 92, 96, 97, 99, 100, 101, 104, 106, 127, 128, 129, 130, 131, 132, 136, 137, 138, 139, 140, 143, 145, 146, 147, 148, 151, 153, 155, 156, 158, 159, 164, 165, 166, 200, 203, 205, 208, 210, 217, 219, 222, 224, 225], "summary": {"covered_lines": 75, "num_statements": 109, "percent_covered": 68.80733944954129, "percent_covered_display": "69", "missing_lines": 34, "excluded_lines": 11, "percent_statements_covered": 68.80733944954129, "percent_statements_covered_display": "69"}, "missing_lines": [113, 114, 115, 116, 120, 121, 141, 142, 157, 167, 168, 169, 170, 171, 172, 173, 174, 175, 176, 177, 178, 179, 180, 181, 182, 183, 184, 185, 186, 189, 190, 191, 192, 193], "excluded_lines": [102, 103, 133, 134, 149, 150, 160, 161, 162, 187, 188], "functions": {"_retry_queue_path": {"executed_lines": [46, 47, 48], "summary": {"covered_lines": 3, "num_statements": 3, "percent_covered": 100.0, "percent_covered_display": "100", "missing_lines": 0, "excluded_lines": 0, "percent_statements_covered": 100.0, "percent_statements_covered_display": "100"}, "missing_lines": [], "excluded_lines": [], "start_line": 45}, "Recorder.__init__": {"executed_lines": [61, 62, 63, 64, 65], "summary": {"covered_lines": 5, "num_statements": 5, "percent_covered": 100.0, "percent_covered_display": "100", "missing_lines": 0, "excluded_lines": 0, "percent_statements_covered": 100.0, "percent_statements_covered_display": "100"}, "missing_lines": [], "excluded_lines": [], "start_line": 60}, "Recorder.set_publisher": {"executed_lines": [77], "summary": {"covered_lines": 1, "num_statements": 1, "percent_covered": 100.0, "percent_covered_display": "100", "missing_lines": 0, "excluded_lines": 0, "percent_statements_covered": 100.0, "percent_statements_covered_display": "100"}, "missing_lines": [], "excluded_lines": [], "start_line": 71}, "Recorder.record": {"executed_lines": [88, 89, 90, 91, 92, 96, 97, 99, 100, 101, 104], "summary": {"covered_lines": 11, "num_statements": 11, "percent_covered": 100.0, "percent_covered_display": "100", "missing_lines": 0, "excluded_lines": 2, "percent_statements_covered": 100.0, "percent_statements_covered_display": "100"}, "missing_lines": [], "excluded_lines": [102, 103], "start_line": 79}, "Recorder.record_blocking": {"executed_lines": [], "summary": {"covered_lines": 0, "num_statements": 6, "percent_covered": 0.0, "percent_covered_display": "0", "missing_lines": 6, "excluded_lines": 0, "percent_statements_covered": 0.0, "percent_statements_covered_display": "0"}, "missing_lines": [113, 114, 115, 116, 120, 121], "excluded_lines": [], "start_line": 106}, "Recorder._enqueue_retry": {"executed_lines": [128, 129, 130, 131, 132], "summary": {"covered_lines": 5, "num_statements": 5, "percent_covered": 100.0, "percent_covered_display": "100", "missing_lines": 0, "excluded_lines": 2, "percent_statements_covered": 100.0, "percent_statements_covered_display": "100"}, "missing_lines": [], "excluded_lines": [133, 134], "start_line": 127}, "Recorder._ensure_drain_task": {"executed_lines": [137, 138, 139, 140, 143], "summary": {"covered_lines": 5, "num_statements": 7, "percent_covered": 71.42857142857143, "percent_covered_display": "71", "missing_lines": 2, "excluded_lines": 0, "percent_statements_covered": 71.42857142857143, "percent_statements_covered_display": "71"}, "missing_lines": [141, 142], "excluded_lines": [], "start_line": 136}, "Recorder._drain_loop": {"executed_lines": [146, 147, 148, 151], "summary": {"covered_lines": 4, "num_statements": 4, "percent_covered": 100.0, "percent_covered_display": "100", "missing_lines": 0, "excluded_lines": 2, "percent_statements_covered": 100.0, "percent_statements_covered_display": "100"}, "missing_lines": [], "excluded_lines": [149, 150], "start_line": 145}, "Recorder._drain_once": {"executed_lines": [155, 156, 158, 159, 164, 165, 166], "summary": {"covered_lines": 7, "num_statements": 33, "percent_covered": 21.21212121212121, "percent_covered_display": "21", "missing_lines": 26, "excluded_lines": 5, "percent_statements_covered": 21.21212121212121, "percent_statements_covered_display": "21"}, "missing_lines": [157, 167, 168, 169, 170, 171, 172, 173, 174, 175, 176, 177, 178, 179, 180, 181, 182, 183, 184, 185, 186, 189, 190, 191, 192, 193], "excluded_lines": [160, 161, 162, 187, 188], "start_line": 153}, "get_recorder": {"executed_lines": [205], "summary": {"covered_lines": 1, "num_statements": 1, "percent_covered": 100.0, "percent_covered_display": "100", "missing_lines": 0, "excluded_lines": 0, "percent_statements_covered": 100.0, "percent_statements_covered_display": "100"}, "missing_lines": [], "excluded_lines": [], "start_line": 203}, "set_recorder": {"executed_lines": [210], "summary": {"covered_lines": 1, "num_statements": 1, "percent_covered": 100.0, "percent_covered_display": "100", "missing_lines": 0, "excluded_lines": 0, "percent_statements_covered": 100.0, "percent_statements_covered_display": "100"}, "missing_lines": [], "excluded_lines": [], "start_line": 208}, "now_utc": {"executed_lines": [219], "summary": {"covered_lines": 1, "num_statements": 1, "percent_covered": 100.0, "percent_covered_display": "100", "missing_lines": 0, "excluded_lines": 0, "percent_statements_covered": 100.0, "percent_statements_covered_display": "100"}, "missing_lines": [], "excluded_lines": [], "start_line": 217}, "make_correlation_id": {"executed_lines": [224, 225], "summary": {"covered_lines": 2, "num_statements": 2, "percent_covered": 100.0, "percent_covered_display": "100", "missing_lines": 0, "excluded_lines": 0, "percent_statements_covered": 100.0, "percent_statements_covered_display": "100"}, "missing_lines": [], "excluded_lines": [], "start_line": 222}, "": {"executed_lines": [25, 27, 28, 29, 30, 31, 32, 33, 34, 35, 37, 38, 40, 42, 45, 51, 60, 71, 79, 106, 127, 136, 145, 153, 200, 203, 208, 217, 222], "summary": {"covered_lines": 29, "num_statements": 29, "percent_covered": 100.0, "percent_covered_display": "100", "missing_lines": 0, "excluded_lines": 0, "percent_statements_covered": 100.0, "percent_statements_covered_display": "100"}, "missing_lines": [], "excluded_lines": [], "start_line": 1}}, "classes": {"Recorder": {"executed_lines": [61, 62, 63, 64, 65, 77, 88, 89, 90, 91, 92, 96, 97, 99, 100, 101, 104, 128, 129, 130, 131, 132, 137, 138, 139, 140, 143, 146, 147, 148, 151, 155, 156, 158, 159, 164, 165, 166], "summary": {"covered_lines": 38, "num_statements": 72, "percent_covered": 52.77777777777778, "percent_covered_display": "53", "missing_lines": 34, "excluded_lines": 11, "percent_statements_covered": 52.77777777777778, "percent_statements_covered_display": "53"}, "missing_lines": [113, 114, 115, 116, 120, 121, 141, 142, 157, 167, 168, 169, 170, 171, 172, 173, 174, 175, 176, 177, 178, 179, 180, 181, 182, 183, 184, 185, 186, 189, 190, 191, 192, 193], "excluded_lines": [102, 103, 133, 134, 149, 150, 160, 161, 162, 187, 188], "start_line": 51}, "": {"executed_lines": [25, 27, 28, 29, 30, 31, 32, 33, 34, 35, 37, 38, 40, 42, 45, 46, 47, 48, 51, 60, 71, 79, 106, 127, 136, 145, 153, 200, 203, 205, 208, 210, 217, 219, 222, 224, 225], "summary": {"covered_lines": 37, "num_statements": 37, "percent_covered": 100.0, "percent_covered_display": "100", "missing_lines": 0, "excluded_lines": 0, "percent_statements_covered": 100.0, "percent_statements_covered_display": "100"}, "missing_lines": [], "excluded_lines": [], "start_line": 1}}}, "audit\\repository.py": {"executed_lines": [32, 34, 35, 36, 37, 38, 39, 41, 42, 44, 45, 47, 49, 56, 65, 84, 87, 89, 90, 92, 93, 103, 104, 105, 107, 109, 132, 141, 142, 148, 156, 157, 158, 160, 161, 162, 163, 169, 173, 183, 184, 186, 205, 209, 239, 240, 241, 242, 243, 244, 246, 252, 333, 366, 411], "summary": {"covered_lines": 55, "num_statements": 148, "percent_covered": 37.16216216216216, "percent_covered_display": "37", "missing_lines": 93, "excluded_lines": 2, "percent_statements_covered": 37.16216216216216, "percent_statements_covered_display": "37"}, "missing_lines": [91, 94, 95, 96, 97, 101, 102, 106, 108, 271, 272, 274, 275, 277, 278, 279, 280, 283, 284, 285, 286, 287, 289, 290, 291, 292, 293, 294, 295, 296, 297, 298, 299, 300, 301, 302, 303, 304, 306, 308, 310, 311, 312, 313, 322, 324, 326, 327, 328, 329, 330, 331, 344, 345, 346, 347, 348, 349, 350, 351, 355, 357, 358, 359, 360, 368, 369, 370, 371, 379, 381, 382, 383, 384, 403, 404, 405, 406, 407, 408, 409, 418, 419, 420, 421, 422, 426, 427, 428, 429, 430, 431, 433], "excluded_lines": [98, 99], "functions": {"_canonical_row_bytes": {"executed_lines": [65, 84], "summary": {"covered_lines": 2, "num_statements": 2, "percent_covered": 100.0, "percent_covered_display": "100", "missing_lines": 0, "excluded_lines": 0, "percent_statements_covered": 100.0, "percent_statements_covered_display": "100"}, "missing_lines": [], "excluded_lines": [], "start_line": 56}, "_row_to_dto": {"executed_lines": [89, 90, 92, 93, 103, 104, 105, 107, 109], "summary": {"covered_lines": 9, "num_statements": 18, "percent_covered": 50.0, "percent_covered_display": "50", "missing_lines": 9, "excluded_lines": 2, "percent_statements_covered": 50.0, "percent_statements_covered_display": "50"}, "missing_lines": [91, 94, 95, 96, 97, 101, 102, 106, 108], "excluded_lines": [98, 99], "start_line": 87}, "AuditRepository.__init__": {"executed_lines": [142], "summary": {"covered_lines": 1, "num_statements": 1, "percent_covered": 100.0, "percent_covered_display": "100", "missing_lines": 0, "excluded_lines": 0, "percent_statements_covered": 100.0, "percent_statements_covered_display": "100"}, "missing_lines": [], "excluded_lines": [], "start_line": 141}, "AuditRepository.insert": {"executed_lines": [156, 157, 158, 160, 161, 162, 163, 169, 173, 183, 184, 186, 205, 209, 239, 240, 241, 242, 243, 244, 246], "summary": {"covered_lines": 21, "num_statements": 21, "percent_covered": 100.0, "percent_covered_display": "100", "missing_lines": 0, "excluded_lines": 0, "percent_statements_covered": 100.0, "percent_statements_covered_display": "100"}, "missing_lines": [], "excluded_lines": [], "start_line": 148}, "AuditRepository.list_for_user": {"executed_lines": [], "summary": {"covered_lines": 0, "num_statements": 43, "percent_covered": 0.0, "percent_covered_display": "0", "missing_lines": 43, "excluded_lines": 0, "percent_statements_covered": 0.0, "percent_statements_covered_display": "0"}, "missing_lines": [271, 272, 274, 275, 277, 278, 279, 280, 283, 284, 285, 286, 287, 289, 290, 291, 292, 293, 294, 295, 296, 297, 298, 299, 300, 301, 302, 303, 304, 306, 308, 310, 311, 312, 313, 322, 324, 326, 327, 328, 329, 330, 331], "excluded_lines": [], "start_line": 252}, "AuditRepository.get_for_user": {"executed_lines": [], "summary": {"covered_lines": 0, "num_statements": 13, "percent_covered": 0.0, "percent_covered_display": "0", "missing_lines": 13, "excluded_lines": 0, "percent_statements_covered": 0.0, "percent_statements_covered_display": "0"}, "missing_lines": [344, 345, 346, 347, 348, 349, 350, 351, 355, 357, 358, 359, 360], "excluded_lines": [], "start_line": 333}, "AuditRepository.verify_chain": {"executed_lines": [], "summary": {"covered_lines": 0, "num_statements": 16, "percent_covered": 0.0, "percent_covered_display": "0", "missing_lines": 16, "excluded_lines": 0, "percent_statements_covered": 0.0, "percent_statements_covered_display": "0"}, "missing_lines": [368, 369, 370, 371, 379, 381, 382, 383, 384, 403, 404, 405, 406, 407, 408, 409], "excluded_lines": [], "start_line": 366}, "AuditRepository.purge_older_than": {"executed_lines": [], "summary": {"covered_lines": 0, "num_statements": 12, "percent_covered": 0.0, "percent_covered_display": "0", "missing_lines": 12, "excluded_lines": 0, "percent_statements_covered": 0.0, "percent_statements_covered_display": "0"}, "missing_lines": [418, 419, 420, 421, 422, 426, 427, 428, 429, 430, 431, 433], "excluded_lines": [], "start_line": 411}, "": {"executed_lines": [32, 34, 35, 36, 37, 38, 39, 41, 42, 44, 45, 47, 49, 56, 87, 132, 141, 148, 252, 333, 366, 411], "summary": {"covered_lines": 22, "num_statements": 22, "percent_covered": 100.0, "percent_covered_display": "100", "missing_lines": 0, "excluded_lines": 0, "percent_statements_covered": 100.0, "percent_statements_covered_display": "100"}, "missing_lines": [], "excluded_lines": [], "start_line": 1}}, "classes": {"AuditRepository": {"executed_lines": [142, 156, 157, 158, 160, 161, 162, 163, 169, 173, 183, 184, 186, 205, 209, 239, 240, 241, 242, 243, 244, 246], "summary": {"covered_lines": 22, "num_statements": 106, "percent_covered": 20.754716981132077, "percent_covered_display": "21", "missing_lines": 84, "excluded_lines": 0, "percent_statements_covered": 20.754716981132077, "percent_statements_covered_display": "21"}, "missing_lines": [271, 272, 274, 275, 277, 278, 279, 280, 283, 284, 285, 286, 287, 289, 290, 291, 292, 293, 294, 295, 296, 297, 298, 299, 300, 301, 302, 303, 304, 306, 308, 310, 311, 312, 313, 322, 324, 326, 327, 328, 329, 330, 331, 344, 345, 346, 347, 348, 349, 350, 351, 355, 357, 358, 359, 360, 368, 369, 370, 371, 379, 381, 382, 383, 384, 403, 404, 405, 406, 407, 408, 409, 418, 419, 420, 421, 422, 426, 427, 428, 429, 430, 431, 433], "excluded_lines": [], "start_line": 132}, "": {"executed_lines": [32, 34, 35, 36, 37, 38, 39, 41, 42, 44, 45, 47, 49, 56, 65, 84, 87, 89, 90, 92, 93, 103, 104, 105, 107, 109, 132, 141, 148, 252, 333, 366, 411], "summary": {"covered_lines": 33, "num_statements": 42, "percent_covered": 78.57142857142857, "percent_covered_display": "79", "missing_lines": 9, "excluded_lines": 2, "percent_statements_covered": 78.57142857142857, "percent_statements_covered_display": "79"}, "missing_lines": [91, 94, 95, 96, 97, 101, 102, 106, 108], "excluded_lines": [98, 99], "start_line": 1}}}, "audit\\schemas.py": {"executed_lines": [16, 18, 19, 20, 22, 24, 30, 67, 72, 73, 74, 81, 90, 91, 92, 93, 94, 97, 99, 100, 101, 102, 103, 104, 105, 106, 107, 108, 109, 110, 111, 112, 113, 115, 116, 117, 118, 120, 122, 123, 124, 125, 127, 134, 140, 142, 144, 149, 151, 152, 158, 159, 165, 168, 174, 175, 176, 177, 178, 179, 180, 181, 182, 183, 184, 185, 186, 187, 188, 190, 191, 192, 193, 195, 197, 198, 199, 200, 202, 204, 205, 206, 207, 209, 210, 211, 237, 238, 239, 243, 244], "summary": {"covered_lines": 91, "num_statements": 119, "percent_covered": 76.47058823529412, "percent_covered_display": "76", "missing_lines": 28, "excluded_lines": 0, "percent_statements_covered": 76.47058823529412, "percent_statements_covered_display": "76"}, "missing_lines": [119, 126, 141, 143, 145, 153, 160, 194, 201, 212, 213, 214, 215, 216, 217, 220, 221, 222, 223, 224, 225, 226, 227, 229, 232, 233, 234, 235], "excluded_lines": [], "functions": {"AuditEventDTO._check_event_class": {"executed_lines": [118, 120], "summary": {"covered_lines": 2, "num_statements": 3, "percent_covered": 66.66666666666667, "percent_covered_display": "67", "missing_lines": 1, "excluded_lines": 0, "percent_statements_covered": 66.66666666666667, "percent_statements_covered_display": "67"}, "missing_lines": [119], "excluded_lines": [], "start_line": 117}, "AuditEventDTO._check_outcome": {"executed_lines": [125, 127], "summary": {"covered_lines": 2, "num_statements": 3, "percent_covered": 66.66666666666667, "percent_covered_display": "67", "missing_lines": 1, "excluded_lines": 0, "percent_statements_covered": 66.66666666666667, "percent_statements_covered_display": "67"}, "missing_lines": [126], "excluded_lines": [], "start_line": 124}, "_validate_meta": {"executed_lines": [140, 142, 144, 149, 151, 152, 158, 159, 165], "summary": {"covered_lines": 9, "num_statements": 14, "percent_covered": 64.28571428571429, "percent_covered_display": "64", "missing_lines": 5, "excluded_lines": 0, "percent_statements_covered": 64.28571428571429, "percent_statements_covered_display": "64"}, "missing_lines": [141, 143, 145, 153, 160], "excluded_lines": [], "start_line": 134}, "AuditEventCreate._check_event_class": {"executed_lines": [193, 195], "summary": {"covered_lines": 2, "num_statements": 3, "percent_covered": 66.66666666666667, "percent_covered_display": "67", "missing_lines": 1, "excluded_lines": 0, "percent_statements_covered": 66.66666666666667, "percent_statements_covered_display": "67"}, "missing_lines": [194], "excluded_lines": [], "start_line": 192}, "AuditEventCreate._check_outcome": {"executed_lines": [200, 202], "summary": {"covered_lines": 2, "num_statements": 3, "percent_covered": 66.66666666666667, "percent_covered_display": "67", "missing_lines": 1, "excluded_lines": 0, "percent_statements_covered": 66.66666666666667, "percent_statements_covered_display": "67"}, "missing_lines": [201], "excluded_lines": [], "start_line": 199}, "AuditEventCreate._meta_validator": {"executed_lines": [207], "summary": {"covered_lines": 1, "num_statements": 1, "percent_covered": 100.0, "percent_covered_display": "100", "missing_lines": 0, "excluded_lines": 0, "percent_statements_covered": 100.0, "percent_statements_covered_display": "100"}, "missing_lines": [], "excluded_lines": [], "start_line": 206}, "AuditEventCreate._pointers_validator": {"executed_lines": [], "summary": {"covered_lines": 0, "num_statements": 19, "percent_covered": 0.0, "percent_covered_display": "0", "missing_lines": 19, "excluded_lines": 0, "percent_statements_covered": 0.0, "percent_statements_covered_display": "0"}, "missing_lines": [212, 213, 214, 215, 216, 217, 220, 221, 222, 223, 224, 225, 226, 227, 229, 232, 233, 234, 235], "excluded_lines": [], "start_line": 211}, "AuditEventCreate._check_outcome_completion": {"executed_lines": [239, 243, 244], "summary": {"covered_lines": 3, "num_statements": 3, "percent_covered": 100.0, "percent_covered_display": "100", "missing_lines": 0, "excluded_lines": 0, "percent_statements_covered": 100.0, "percent_statements_covered_display": "100"}, "missing_lines": [], "excluded_lines": [], "start_line": 238}, "": {"executed_lines": [16, 18, 19, 20, 22, 24, 30, 67, 72, 73, 74, 81, 90, 91, 92, 93, 94, 97, 99, 100, 101, 102, 103, 104, 105, 106, 107, 108, 109, 110, 111, 112, 113, 115, 116, 117, 122, 123, 124, 134, 168, 174, 175, 176, 177, 178, 179, 180, 181, 182, 183, 184, 185, 186, 187, 188, 190, 191, 192, 197, 198, 199, 204, 205, 206, 209, 210, 211, 237, 238], "summary": {"covered_lines": 70, "num_statements": 70, "percent_covered": 100.0, "percent_covered_display": "100", "missing_lines": 0, "excluded_lines": 0, "percent_statements_covered": 100.0, "percent_statements_covered_display": "100"}, "missing_lines": [], "excluded_lines": [], "start_line": 1}}, "classes": {"ArtifactPointer": {"executed_lines": [], "summary": {"covered_lines": 0, "num_statements": 0, "percent_covered": 100.0, "percent_covered_display": "100", "missing_lines": 0, "excluded_lines": 0, "percent_statements_covered": 100.0, "percent_statements_covered_display": "100"}, "missing_lines": [], "excluded_lines": [], "start_line": 81}, "AuditEventDTO": {"executed_lines": [118, 120, 125, 127], "summary": {"covered_lines": 4, "num_statements": 6, "percent_covered": 66.66666666666667, "percent_covered_display": "67", "missing_lines": 2, "excluded_lines": 0, "percent_statements_covered": 66.66666666666667, "percent_statements_covered_display": "67"}, "missing_lines": [119, 126], "excluded_lines": [], "start_line": 97}, "AuditEventCreate": {"executed_lines": [193, 195, 200, 202, 207, 239, 243, 244], "summary": {"covered_lines": 8, "num_statements": 29, "percent_covered": 27.586206896551722, "percent_covered_display": "28", "missing_lines": 21, "excluded_lines": 0, "percent_statements_covered": 27.586206896551722, "percent_statements_covered_display": "28"}, "missing_lines": [194, 201, 212, 213, 214, 215, 216, 217, 220, 221, 222, 223, 224, 225, 226, 227, 229, 232, 233, 234, 235], "excluded_lines": [], "start_line": 168}, "": {"executed_lines": [16, 18, 19, 20, 22, 24, 30, 67, 72, 73, 74, 81, 90, 91, 92, 93, 94, 97, 99, 100, 101, 102, 103, 104, 105, 106, 107, 108, 109, 110, 111, 112, 113, 115, 116, 117, 122, 123, 124, 134, 140, 142, 144, 149, 151, 152, 158, 159, 165, 168, 174, 175, 176, 177, 178, 179, 180, 181, 182, 183, 184, 185, 186, 187, 188, 190, 191, 192, 197, 198, 199, 204, 205, 206, 209, 210, 211, 237, 238], "summary": {"covered_lines": 79, "num_statements": 84, "percent_covered": 94.04761904761905, "percent_covered_display": "94", "missing_lines": 5, "excluded_lines": 0, "percent_statements_covered": 94.04761904761905, "percent_statements_covered_display": "94"}, "missing_lines": [141, 143, 145, 153, 160], "excluded_lines": [], "start_line": 1}}}, "audit\\tests\\__init__.py": {"executed_lines": [], "summary": {"covered_lines": 0, "num_statements": 0, "percent_covered": 100.0, "percent_covered_display": "100", "missing_lines": 0, "excluded_lines": 0, "percent_statements_covered": 100.0, "percent_statements_covered_display": "100"}, "missing_lines": [], "excluded_lines": [], "functions": {"": {"executed_lines": [], "summary": {"covered_lines": 0, "num_statements": 0, "percent_covered": 100.0, "percent_covered_display": "100", "missing_lines": 0, "excluded_lines": 0, "percent_statements_covered": 100.0, "percent_statements_covered_display": "100"}, "missing_lines": [], "excluded_lines": [], "start_line": 1}}, "classes": {"": {"executed_lines": [], "summary": {"covered_lines": 0, "num_statements": 0, "percent_covered": 100.0, "percent_covered_display": "100", "missing_lines": 0, "excluded_lines": 0, "percent_statements_covered": 100.0, "percent_statements_covered_display": "100"}, "missing_lines": [], "excluded_lines": [], "start_line": 1}}}, "audit\\tests\\conftest.py": {"executed_lines": [], "summary": {"covered_lines": 0, "num_statements": 31, "percent_covered": 0.0, "percent_covered_display": "0", "missing_lines": 31, "excluded_lines": 0, "percent_statements_covered": 0.0, "percent_statements_covered_display": "0"}, "missing_lines": [2, 4, 5, 6, 7, 8, 10, 13, 14, 15, 17, 18, 21, 22, 24, 25, 28, 29, 31, 32, 35, 36, 38, 41, 42, 44, 46, 47, 58, 59, 61], "excluded_lines": [], "functions": {"database": {"executed_lines": [], "summary": {"covered_lines": 0, "num_statements": 2, "percent_covered": 0.0, "percent_covered_display": "0", "missing_lines": 2, "excluded_lines": 0, "percent_statements_covered": 0.0, "percent_statements_covered_display": "0"}, "missing_lines": [24, 25], "excluded_lines": [], "start_line": 22}, "repo": {"executed_lines": [], "summary": {"covered_lines": 0, "num_statements": 2, "percent_covered": 0.0, "percent_covered_display": "0", "missing_lines": 2, "excluded_lines": 0, "percent_statements_covered": 0.0, "percent_statements_covered_display": "0"}, "missing_lines": [31, 32], "excluded_lines": [], "start_line": 29}, "unique_user": {"executed_lines": [], "summary": {"covered_lines": 0, "num_statements": 1, "percent_covered": 0.0, "percent_covered_display": "0", "missing_lines": 1, "excluded_lines": 0, "percent_statements_covered": 0.0, "percent_statements_covered_display": "0"}, "missing_lines": [38], "excluded_lines": [], "start_line": 36}, "make_event": {"executed_lines": [], "summary": {"covered_lines": 0, "num_statements": 3, "percent_covered": 0.0, "percent_covered_display": "0", "missing_lines": 3, "excluded_lines": 0, "percent_statements_covered": 0.0, "percent_statements_covered_display": "0"}, "missing_lines": [44, 46, 61], "excluded_lines": [], "start_line": 42}, "make_event._make": {"executed_lines": [], "summary": {"covered_lines": 0, "num_statements": 3, "percent_covered": 0.0, "percent_covered_display": "0", "missing_lines": 3, "excluded_lines": 0, "percent_statements_covered": 0.0, "percent_statements_covered_display": "0"}, "missing_lines": [47, 58, 59], "excluded_lines": [], "start_line": 46}, "": {"executed_lines": [], "summary": {"covered_lines": 0, "num_statements": 20, "percent_covered": 0.0, "percent_covered_display": "0", "missing_lines": 20, "excluded_lines": 0, "percent_statements_covered": 0.0, "percent_statements_covered_display": "0"}, "missing_lines": [2, 4, 5, 6, 7, 8, 10, 13, 14, 15, 17, 18, 21, 22, 28, 29, 35, 36, 41, 42], "excluded_lines": [], "start_line": 1}}, "classes": {"": {"executed_lines": [], "summary": {"covered_lines": 0, "num_statements": 31, "percent_covered": 0.0, "percent_covered_display": "0", "missing_lines": 31, "excluded_lines": 0, "percent_statements_covered": 0.0, "percent_statements_covered_display": "0"}, "missing_lines": [2, 4, 5, 6, 7, 8, 10, 13, 14, 15, 17, 18, 21, 22, 24, 25, 28, 29, 31, 32, 35, 36, 38, 41, 42, 44, 46, 47, 58, 59, 61], "excluded_lines": [], "start_line": 1}}}, "audit\\tests\\test_admin_blindness.py": {"executed_lines": [], "summary": {"covered_lines": 0, "num_statements": 49, "percent_covered": 0.0, "percent_covered_display": "0", "missing_lines": 49, "excluded_lines": 0, "percent_statements_covered": 0.0, "percent_statements_covered_display": "0"}, "missing_lines": [12, 14, 15, 17, 20, 21, 22, 24, 25, 26, 27, 29, 30, 32, 33, 34, 35, 36, 37, 40, 41, 42, 43, 45, 47, 50, 52, 55, 61, 62, 63, 65, 66, 67, 68, 70, 71, 72, 74, 75, 76, 78, 79, 80, 81, 83, 100, 101, 102], "excluded_lines": [], "functions": {"test_list_is_scoped_to_caller": {"executed_lines": [], "summary": {"covered_lines": 0, "num_statements": 14, "percent_covered": 0.0, "percent_covered_display": "0", "missing_lines": 14, "excluded_lines": 0, "percent_statements_covered": 0.0, "percent_statements_covered_display": "0"}, "missing_lines": [21, 22, 24, 25, 26, 27, 29, 30, 32, 33, 34, 35, 36, 37], "excluded_lines": [], "start_line": 20}, "test_get_for_user_returns_none_for_other_users_event": {"executed_lines": [], "summary": {"covered_lines": 0, "num_statements": 5, "percent_covered": 0.0, "percent_covered_display": "0", "missing_lines": 5, "excluded_lines": 0, "percent_statements_covered": 0.0, "percent_statements_covered_display": "0"}, "missing_lines": [41, 42, 43, 45, 47], "excluded_lines": [], "start_line": 40}, "test_get_for_user_returns_none_for_garbage_event_id": {"executed_lines": [], "summary": {"covered_lines": 0, "num_statements": 1, "percent_covered": 0.0, "percent_covered_display": "0", "missing_lines": 1, "excluded_lines": 0, "percent_statements_covered": 0.0, "percent_statements_covered_display": "0"}, "missing_lines": [52], "excluded_lines": [], "start_line": 50}, "test_ws_publisher_only_delivers_to_owning_connection": {"executed_lines": [], "summary": {"covered_lines": 0, "num_statements": 16, "percent_covered": 0.0, "percent_covered_display": "0", "missing_lines": 16, "excluded_lines": 0, "percent_statements_covered": 0.0, "percent_statements_covered_display": "0"}, "missing_lines": [61, 62, 63, 65, 66, 70, 71, 74, 78, 79, 80, 81, 83, 100, 101, 102], "excluded_lines": [], "start_line": 55}, "test_ws_publisher_only_delivers_to_owning_connection.FakeWS.__init__": {"executed_lines": [], "summary": {"covered_lines": 0, "num_statements": 2, "percent_covered": 0.0, "percent_covered_display": "0", "missing_lines": 2, "excluded_lines": 0, "percent_statements_covered": 0.0, "percent_statements_covered_display": "0"}, "missing_lines": [67, 68], "excluded_lines": [], "start_line": 66}, "test_ws_publisher_only_delivers_to_owning_connection.FakeOrch.__init__": {"executed_lines": [], "summary": {"covered_lines": 0, "num_statements": 1, "percent_covered": 0.0, "percent_covered_display": "0", "missing_lines": 1, "excluded_lines": 0, "percent_statements_covered": 0.0, "percent_statements_covered_display": "0"}, "missing_lines": [72], "excluded_lines": [], "start_line": 71}, "test_ws_publisher_only_delivers_to_owning_connection.FakeOrch._safe_send": {"executed_lines": [], "summary": {"covered_lines": 0, "num_statements": 2, "percent_covered": 0.0, "percent_covered_display": "0", "missing_lines": 2, "excluded_lines": 0, "percent_statements_covered": 0.0, "percent_statements_covered_display": "0"}, "missing_lines": [75, 76], "excluded_lines": [], "start_line": 74}, "": {"executed_lines": [], "summary": {"covered_lines": 0, "num_statements": 8, "percent_covered": 0.0, "percent_covered_display": "0", "missing_lines": 8, "excluded_lines": 0, "percent_statements_covered": 0.0, "percent_statements_covered_display": "0"}, "missing_lines": [12, 14, 15, 17, 20, 40, 50, 55], "excluded_lines": [], "start_line": 1}}, "classes": {"test_ws_publisher_only_delivers_to_owning_connection.FakeWS": {"executed_lines": [], "summary": {"covered_lines": 0, "num_statements": 2, "percent_covered": 0.0, "percent_covered_display": "0", "missing_lines": 2, "excluded_lines": 0, "percent_statements_covered": 0.0, "percent_statements_covered_display": "0"}, "missing_lines": [67, 68], "excluded_lines": [], "start_line": 65}, "test_ws_publisher_only_delivers_to_owning_connection.FakeOrch": {"executed_lines": [], "summary": {"covered_lines": 0, "num_statements": 3, "percent_covered": 0.0, "percent_covered_display": "0", "missing_lines": 3, "excluded_lines": 0, "percent_statements_covered": 0.0, "percent_statements_covered_display": "0"}, "missing_lines": [72, 75, 76], "excluded_lines": [], "start_line": 70}, "": {"executed_lines": [], "summary": {"covered_lines": 0, "num_statements": 44, "percent_covered": 0.0, "percent_covered_display": "0", "missing_lines": 44, "excluded_lines": 0, "percent_statements_covered": 0.0, "percent_statements_covered_display": "0"}, "missing_lines": [12, 14, 15, 17, 20, 21, 22, 24, 25, 26, 27, 29, 30, 32, 33, 34, 35, 36, 37, 40, 41, 42, 43, 45, 47, 50, 52, 55, 61, 62, 63, 65, 66, 70, 71, 74, 78, 79, 80, 81, 83, 100, 101, 102], "excluded_lines": [], "start_line": 1}}}, "audit\\tests\\test_append_only_trigger.py": {"executed_lines": [], "summary": {"covered_lines": 0, "num_statements": 30, "percent_covered": 0.0, "percent_covered_display": "0", "missing_lines": 30, "excluded_lines": 0, "percent_statements_covered": 0.0, "percent_statements_covered_display": "0"}, "missing_lines": [7, 9, 12, 13, 14, 15, 16, 17, 18, 22, 24, 27, 28, 29, 30, 31, 32, 33, 34, 36, 39, 40, 41, 42, 43, 44, 45, 46, 48, 49], "excluded_lines": [], "functions": {"test_direct_update_is_blocked_by_trigger": {"executed_lines": [], "summary": {"covered_lines": 0, "num_statements": 8, "percent_covered": 0.0, "percent_covered_display": "0", "missing_lines": 8, "excluded_lines": 0, "percent_statements_covered": 0.0, "percent_statements_covered_display": "0"}, "missing_lines": [13, 14, 15, 16, 17, 18, 22, 24], "excluded_lines": [], "start_line": 12}, "test_direct_delete_is_blocked_by_trigger": {"executed_lines": [], "summary": {"covered_lines": 0, "num_statements": 8, "percent_covered": 0.0, "percent_covered_display": "0", "missing_lines": 8, "excluded_lines": 0, "percent_statements_covered": 0.0, "percent_statements_covered_display": "0"}, "missing_lines": [28, 29, 30, 31, 32, 33, 34, 36], "excluded_lines": [], "start_line": 27}, "test_purge_path_holds_guc_and_succeeds": {"executed_lines": [], "summary": {"covered_lines": 0, "num_statements": 9, "percent_covered": 0.0, "percent_covered_display": "0", "missing_lines": 9, "excluded_lines": 0, "percent_statements_covered": 0.0, "percent_statements_covered_display": "0"}, "missing_lines": [40, 41, 42, 43, 44, 45, 46, 48, 49], "excluded_lines": [], "start_line": 39}, "": {"executed_lines": [], "summary": {"covered_lines": 0, "num_statements": 5, "percent_covered": 0.0, "percent_covered_display": "0", "missing_lines": 5, "excluded_lines": 0, "percent_statements_covered": 0.0, "percent_statements_covered_display": "0"}, "missing_lines": [7, 9, 12, 27, 39], "excluded_lines": [], "start_line": 1}}, "classes": {"": {"executed_lines": [], "summary": {"covered_lines": 0, "num_statements": 30, "percent_covered": 0.0, "percent_covered_display": "0", "missing_lines": 30, "excluded_lines": 0, "percent_statements_covered": 0.0, "percent_statements_covered_display": "0"}, "missing_lines": [7, 9, 12, 13, 14, 15, 16, 17, 18, 22, 24, 27, 28, 29, 30, 31, 32, 33, 34, 36, 39, 40, 41, 42, 43, 44, 45, 46, 48, 49], "excluded_lines": [], "start_line": 1}}}, "audit\\tests\\test_event_class_extension.py": {"executed_lines": [], "summary": {"covered_lines": 0, "num_statements": 14, "percent_covered": 0.0, "percent_covered_display": "0", "missing_lines": 14, "excluded_lines": 0, "percent_statements_covered": 0.0, "percent_statements_covered_display": "0"}, "missing_lines": [10, 12, 14, 16, 19, 20, 23, 27, 28, 29, 39, 42, 43, 44], "excluded_lines": [], "functions": {"_now": {"executed_lines": [], "summary": {"covered_lines": 0, "num_statements": 1, "percent_covered": 0.0, "percent_covered_display": "0", "missing_lines": 1, "excluded_lines": 0, "percent_statements_covered": 0.0, "percent_statements_covered_display": "0"}, "missing_lines": [20], "excluded_lines": [], "start_line": 19}, "test_new_event_classes_accepted": {"executed_lines": [], "summary": {"covered_lines": 0, "num_statements": 3, "percent_covered": 0.0, "percent_covered_display": "0", "missing_lines": 3, "excluded_lines": 0, "percent_statements_covered": 0.0, "percent_statements_covered_display": "0"}, "missing_lines": [28, 29, 39], "excluded_lines": [], "start_line": 27}, "test_typo_event_class_still_rejected": {"executed_lines": [], "summary": {"covered_lines": 0, "num_statements": 2, "percent_covered": 0.0, "percent_covered_display": "0", "missing_lines": 2, "excluded_lines": 0, "percent_statements_covered": 0.0, "percent_statements_covered_display": "0"}, "missing_lines": [43, 44], "excluded_lines": [], "start_line": 42}, "": {"executed_lines": [], "summary": {"covered_lines": 0, "num_statements": 8, "percent_covered": 0.0, "percent_covered_display": "0", "missing_lines": 8, "excluded_lines": 0, "percent_statements_covered": 0.0, "percent_statements_covered_display": "0"}, "missing_lines": [10, 12, 14, 16, 19, 23, 27, 42], "excluded_lines": [], "start_line": 1}}, "classes": {"": {"executed_lines": [], "summary": {"covered_lines": 0, "num_statements": 14, "percent_covered": 0.0, "percent_covered_display": "0", "missing_lines": 14, "excluded_lines": 0, "percent_statements_covered": 0.0, "percent_statements_covered_display": "0"}, "missing_lines": [10, 12, 14, 16, 19, 20, 23, 27, 28, 29, 39, 42, 43, 44], "excluded_lines": [], "start_line": 1}}}, "audit\\tests\\test_pii.py": {"executed_lines": [], "summary": {"covered_lines": 0, "num_statements": 69, "percent_covered": 0.0, "percent_covered_display": "0", "missing_lines": 69, "excluded_lines": 0, "percent_statements_covered": 0.0, "percent_statements_covered_display": "0"}, "missing_lines": [2, 4, 5, 7, 10, 11, 12, 13, 14, 17, 18, 19, 20, 21, 23, 25, 28, 29, 30, 37, 38, 39, 40, 41, 42, 45, 46, 47, 48, 51, 52, 53, 54, 55, 58, 60, 61, 62, 63, 64, 67, 68, 69, 70, 73, 75, 76, 78, 94, 95, 96, 97, 98, 101, 102, 103, 104, 105, 118, 119, 120, 121, 122, 123, 136, 137, 138, 139, 140], "excluded_lines": [], "functions": {"test_normalize_extension_keeps_lowercase_alphanumeric": {"executed_lines": [], "summary": {"covered_lines": 0, "num_statements": 4, "percent_covered": 0.0, "percent_covered_display": "0", "missing_lines": 4, "excluded_lines": 0, "percent_statements_covered": 0.0, "percent_statements_covered_display": "0"}, "missing_lines": [11, 12, 13, 14], "excluded_lines": [], "start_line": 10}, "test_normalize_extension_rejects_pathological_inputs": {"executed_lines": [], "summary": {"covered_lines": 0, "num_statements": 6, "percent_covered": 0.0, "percent_covered_display": "0", "missing_lines": 6, "excluded_lines": 0, "percent_statements_covered": 0.0, "percent_statements_covered_display": "0"}, "missing_lines": [18, 19, 20, 21, 23, 25], "excluded_lines": [], "start_line": 17}, "test_strip_filename_drops_filename_keys_and_payload_keys": {"executed_lines": [], "summary": {"covered_lines": 0, "num_statements": 8, "percent_covered": 0.0, "percent_covered_display": "0", "missing_lines": 8, "excluded_lines": 0, "percent_statements_covered": 0.0, "percent_statements_covered_display": "0"}, "missing_lines": [29, 30, 37, 38, 39, 40, 41, 42], "excluded_lines": [], "start_line": 28}, "test_strip_filename_handles_non_dict_input": {"executed_lines": [], "summary": {"covered_lines": 0, "num_statements": 3, "percent_covered": 0.0, "percent_covered_display": "0", "missing_lines": 3, "excluded_lines": 0, "percent_statements_covered": 0.0, "percent_statements_covered_display": "0"}, "missing_lines": [46, 47, 48], "excluded_lines": [], "start_line": 45}, "test_hmac_digest_is_deterministic_per_key": {"executed_lines": [], "summary": {"covered_lines": 0, "num_statements": 4, "percent_covered": 0.0, "percent_covered_display": "0", "missing_lines": 4, "excluded_lines": 0, "percent_statements_covered": 0.0, "percent_statements_covered_display": "0"}, "missing_lines": [52, 53, 54, 55], "excluded_lines": [], "start_line": 51}, "test_hmac_digest_changes_with_key": {"executed_lines": [], "summary": {"covered_lines": 0, "num_statements": 5, "percent_covered": 0.0, "percent_covered_display": "0", "missing_lines": 5, "excluded_lines": 0, "percent_statements_covered": 0.0, "percent_statements_covered_display": "0"}, "missing_lines": [60, 61, 62, 63, 64], "excluded_lines": [], "start_line": 58}, "test_hmac_digest_rejects_non_bytes": {"executed_lines": [], "summary": {"covered_lines": 0, "num_statements": 3, "percent_covered": 0.0, "percent_covered_display": "0", "missing_lines": 3, "excluded_lines": 0, "percent_statements_covered": 0.0, "percent_statements_covered_display": "0"}, "missing_lines": [68, 69, 70], "excluded_lines": [], "start_line": 67}, "test_audit_event_create_drops_payload_shaped_fields": {"executed_lines": [], "summary": {"covered_lines": 0, "num_statements": 8, "percent_covered": 0.0, "percent_covered_display": "0", "missing_lines": 8, "excluded_lines": 0, "percent_statements_covered": 0.0, "percent_statements_covered_display": "0"}, "missing_lines": [75, 76, 78, 94, 95, 96, 97, 98], "excluded_lines": [], "start_line": 73}, "test_audit_event_create_rejects_raw_bytes": {"executed_lines": [], "summary": {"covered_lines": 0, "num_statements": 4, "percent_covered": 0.0, "percent_covered_display": "0", "missing_lines": 4, "excluded_lines": 0, "percent_statements_covered": 0.0, "percent_statements_covered_display": "0"}, "missing_lines": [102, 103, 104, 105], "excluded_lines": [], "start_line": 101}, "test_audit_event_create_rejects_oversize_meta": {"executed_lines": [], "summary": {"covered_lines": 0, "num_statements": 5, "percent_covered": 0.0, "percent_covered_display": "0", "missing_lines": 5, "excluded_lines": 0, "percent_statements_covered": 0.0, "percent_statements_covered_display": "0"}, "missing_lines": [119, 120, 121, 122, 123], "excluded_lines": [], "start_line": 118}, "test_audit_event_create_rejects_unknown_event_class": {"executed_lines": [], "summary": {"covered_lines": 0, "num_statements": 4, "percent_covered": 0.0, "percent_covered_display": "0", "missing_lines": 4, "excluded_lines": 0, "percent_statements_covered": 0.0, "percent_statements_covered_display": "0"}, "missing_lines": [137, 138, 139, 140], "excluded_lines": [], "start_line": 136}, "": {"executed_lines": [], "summary": {"covered_lines": 0, "num_statements": 15, "percent_covered": 0.0, "percent_covered_display": "0", "missing_lines": 15, "excluded_lines": 0, "percent_statements_covered": 0.0, "percent_statements_covered_display": "0"}, "missing_lines": [2, 4, 5, 7, 10, 17, 28, 45, 51, 58, 67, 73, 101, 118, 136], "excluded_lines": [], "start_line": 1}}, "classes": {"": {"executed_lines": [], "summary": {"covered_lines": 0, "num_statements": 69, "percent_covered": 0.0, "percent_covered_display": "0", "missing_lines": 69, "excluded_lines": 0, "percent_statements_covered": 0.0, "percent_statements_covered_display": "0"}, "missing_lines": [2, 4, 5, 7, 10, 11, 12, 13, 14, 17, 18, 19, 20, 21, 23, 25, 28, 29, 30, 37, 38, 39, 40, 41, 42, 45, 46, 47, 48, 51, 52, 53, 54, 55, 58, 60, 61, 62, 63, 64, 67, 68, 69, 70, 73, 75, 76, 78, 94, 95, 96, 97, 98, 101, 102, 103, 104, 105, 118, 119, 120, 121, 122, 123, 136, 137, 138, 139, 140], "excluded_lines": [], "start_line": 1}}}, "audit\\tests\\test_recording_coverage.py": {"executed_lines": [], "summary": {"covered_lines": 0, "num_statements": 56, "percent_covered": 0.0, "percent_covered_display": "0", "missing_lines": 56, "excluded_lines": 0, "percent_statements_covered": 0.0, "percent_statements_covered_display": "0"}, "missing_lines": [6, 8, 9, 11, 14, 15, 17, 18, 19, 20, 21, 24, 25, 26, 27, 32, 33, 36, 37, 38, 39, 45, 46, 48, 49, 50, 53, 54, 55, 57, 58, 65, 67, 68, 70, 71, 72, 73, 74, 76, 79, 80, 81, 83, 84, 90, 92, 93, 94, 95, 96, 99, 101, 102, 107, 108], "excluded_lines": [], "functions": {"wired_recorder": {"executed_lines": [], "summary": {"covered_lines": 0, "num_statements": 5, "percent_covered": 0.0, "percent_covered_display": "0", "missing_lines": 5, "excluded_lines": 0, "percent_statements_covered": 0.0, "percent_statements_covered_display": "0"}, "missing_lines": [17, 18, 19, 20, 21], "excluded_lines": [], "start_line": 15}, "test_record_auth_event_writes_a_row": {"executed_lines": [], "summary": {"covered_lines": 0, "num_statements": 5, "percent_covered": 0.0, "percent_covered_display": "0", "missing_lines": 5, "excluded_lines": 0, "percent_statements_covered": 0.0, "percent_statements_covered_display": "0"}, "missing_lines": [25, 26, 27, 32, 33], "excluded_lines": [], "start_line": 24}, "test_record_ws_action_writes_a_row": {"executed_lines": [], "summary": {"covered_lines": 0, "num_statements": 8, "percent_covered": 0.0, "percent_covered_display": "0", "missing_lines": 8, "excluded_lines": 0, "percent_statements_covered": 0.0, "percent_statements_covered_display": "0"}, "missing_lines": [37, 38, 39, 45, 46, 48, 49, 50], "excluded_lines": [], "start_line": 36}, "test_tool_dispatch_audit_emits_paired_rows": {"executed_lines": [], "summary": {"covered_lines": 0, "num_statements": 11, "percent_covered": 0.0, "percent_covered_display": "0", "missing_lines": 11, "excluded_lines": 0, "percent_statements_covered": 0.0, "percent_statements_covered_display": "0"}, "missing_lines": [54, 55, 57, 67, 68, 70, 71, 72, 73, 74, 76], "excluded_lines": [], "start_line": 53}, "test_tool_dispatch_audit_emits_paired_rows.run": {"executed_lines": [], "summary": {"covered_lines": 0, "num_statements": 2, "percent_covered": 0.0, "percent_covered_display": "0", "missing_lines": 2, "excluded_lines": 0, "percent_statements_covered": 0.0, "percent_statements_covered_display": "0"}, "missing_lines": [58, 65], "excluded_lines": [], "start_line": 57}, "test_tool_dispatch_records_failure_outcome": {"executed_lines": [], "summary": {"covered_lines": 0, "num_statements": 8, "percent_covered": 0.0, "percent_covered_display": "0", "missing_lines": 8, "excluded_lines": 0, "percent_statements_covered": 0.0, "percent_statements_covered_display": "0"}, "missing_lines": [80, 81, 83, 92, 93, 94, 95, 96], "excluded_lines": [], "start_line": 79}, "test_tool_dispatch_records_failure_outcome.run": {"executed_lines": [], "summary": {"covered_lines": 0, "num_statements": 2, "percent_covered": 0.0, "percent_covered_display": "0", "missing_lines": 2, "excluded_lines": 0, "percent_statements_covered": 0.0, "percent_statements_covered_display": "0"}, "missing_lines": [84, 90], "excluded_lines": [], "start_line": 83}, "test_legacy_user_actions_are_not_recorded": {"executed_lines": [], "summary": {"covered_lines": 0, "num_statements": 4, "percent_covered": 0.0, "percent_covered_display": "0", "missing_lines": 4, "excluded_lines": 0, "percent_statements_covered": 0.0, "percent_statements_covered_display": "0"}, "missing_lines": [101, 102, 107, 108], "excluded_lines": [], "start_line": 99}, "": {"executed_lines": [], "summary": {"covered_lines": 0, "num_statements": 11, "percent_covered": 0.0, "percent_covered_display": "0", "missing_lines": 11, "excluded_lines": 0, "percent_statements_covered": 0.0, "percent_statements_covered_display": "0"}, "missing_lines": [6, 8, 9, 11, 14, 15, 24, 36, 53, 79, 99], "excluded_lines": [], "start_line": 1}}, "classes": {"": {"executed_lines": [], "summary": {"covered_lines": 0, "num_statements": 56, "percent_covered": 0.0, "percent_covered_display": "0", "missing_lines": 56, "excluded_lines": 0, "percent_statements_covered": 0.0, "percent_statements_covered_display": "0"}, "missing_lines": [6, 8, 9, 11, 14, 15, 17, 18, 19, 20, 21, 24, 25, 26, 27, 32, 33, 36, 37, 38, 39, 45, 46, 48, 49, 50, 53, 54, 55, 57, 58, 65, 67, 68, 70, 71, 72, 73, 74, 76, 79, 80, 81, 83, 84, 90, 92, 93, 94, 95, 96, 99, 101, 102, 107, 108], "excluded_lines": [], "start_line": 1}}}, "audit\\tests\\test_repository_filters.py": {"executed_lines": [], "summary": {"covered_lines": 0, "num_statements": 57, "percent_covered": 0.0, "percent_covered_display": "0", "missing_lines": 57, "excluded_lines": 0, "percent_statements_covered": 0.0, "percent_statements_covered_display": "0"}, "missing_lines": [6, 8, 9, 12, 13, 14, 15, 19, 22, 23, 24, 26, 29, 30, 34, 38, 39, 40, 43, 44, 45, 46, 47, 50, 51, 52, 53, 54, 55, 58, 59, 60, 61, 62, 63, 64, 65, 66, 67, 68, 72, 73, 74, 75, 78, 80, 82, 83, 84, 85, 86, 90, 92, 94, 95, 96, 97], "excluded_lines": [], "functions": {"_seed": {"executed_lines": [], "summary": {"covered_lines": 0, "num_statements": 4, "percent_covered": 0.0, "percent_covered_display": "0", "missing_lines": 4, "excluded_lines": 0, "percent_statements_covered": 0.0, "percent_statements_covered_display": "0"}, "missing_lines": [13, 14, 15, 19], "excluded_lines": [], "start_line": 12}, "test_list_returns_most_recent_first": {"executed_lines": [], "summary": {"covered_lines": 0, "num_statements": 3, "percent_covered": 0.0, "percent_covered_display": "0", "missing_lines": 3, "excluded_lines": 0, "percent_statements_covered": 0.0, "percent_statements_covered_display": "0"}, "missing_lines": [23, 24, 26], "excluded_lines": [], "start_line": 22}, "test_filter_by_event_class": {"executed_lines": [], "summary": {"covered_lines": 0, "num_statements": 5, "percent_covered": 0.0, "percent_covered_display": "0", "missing_lines": 5, "excluded_lines": 0, "percent_statements_covered": 0.0, "percent_statements_covered_display": "0"}, "missing_lines": [30, 34, 38, 39, 40], "excluded_lines": [], "start_line": 29}, "test_filter_by_outcome": {"executed_lines": [], "summary": {"covered_lines": 0, "num_statements": 4, "percent_covered": 0.0, "percent_covered_display": "0", "missing_lines": 4, "excluded_lines": 0, "percent_statements_covered": 0.0, "percent_statements_covered_display": "0"}, "missing_lines": [44, 45, 46, 47], "excluded_lines": [], "start_line": 43}, "test_filter_by_keyword": {"executed_lines": [], "summary": {"covered_lines": 0, "num_statements": 5, "percent_covered": 0.0, "percent_covered_display": "0", "missing_lines": 5, "excluded_lines": 0, "percent_statements_covered": 0.0, "percent_statements_covered_display": "0"}, "missing_lines": [51, 52, 53, 54, 55], "excluded_lines": [], "start_line": 50}, "test_cursor_pagination_yields_disjoint_pages": {"executed_lines": [], "summary": {"covered_lines": 0, "num_statements": 10, "percent_covered": 0.0, "percent_covered_display": "0", "missing_lines": 10, "excluded_lines": 0, "percent_statements_covered": 0.0, "percent_statements_covered_display": "0"}, "missing_lines": [59, 60, 61, 62, 63, 64, 65, 66, 67, 68], "excluded_lines": [], "start_line": 58}, "test_invalid_cursor_raises": {"executed_lines": [], "summary": {"covered_lines": 0, "num_statements": 3, "percent_covered": 0.0, "percent_covered_display": "0", "missing_lines": 3, "excluded_lines": 0, "percent_statements_covered": 0.0, "percent_statements_covered_display": "0"}, "missing_lines": [73, 74, 75], "excluded_lines": [], "start_line": 72}, "test_purge_older_than_only_drops_old_rows": {"executed_lines": [], "summary": {"covered_lines": 0, "num_statements": 12, "percent_covered": 0.0, "percent_covered_display": "0", "missing_lines": 12, "excluded_lines": 0, "percent_statements_covered": 0.0, "percent_statements_covered_display": "0"}, "missing_lines": [80, 82, 83, 84, 85, 86, 90, 92, 94, 95, 96, 97], "excluded_lines": [], "start_line": 78}, "": {"executed_lines": [], "summary": {"covered_lines": 0, "num_statements": 11, "percent_covered": 0.0, "percent_covered_display": "0", "missing_lines": 11, "excluded_lines": 0, "percent_statements_covered": 0.0, "percent_statements_covered_display": "0"}, "missing_lines": [6, 8, 9, 12, 22, 29, 43, 50, 58, 72, 78], "excluded_lines": [], "start_line": 1}}, "classes": {"": {"executed_lines": [], "summary": {"covered_lines": 0, "num_statements": 57, "percent_covered": 0.0, "percent_covered_display": "0", "missing_lines": 57, "excluded_lines": 0, "percent_statements_covered": 0.0, "percent_statements_covered_display": "0"}, "missing_lines": [6, 8, 9, 12, 13, 14, 15, 19, 22, 23, 24, 26, 29, 30, 34, 38, 39, 40, 43, 44, 45, 46, 47, 50, 51, 52, 53, 54, 55, 58, 59, 60, 61, 62, 63, 64, 65, 66, 67, 68, 72, 73, 74, 75, 78, 80, 82, 83, 84, 85, 86, 90, 92, 94, 95, 96, 97], "excluded_lines": [], "start_line": 1}}}, "audit\\tests\\test_repository_hash_chain.py": {"executed_lines": [], "summary": {"covered_lines": 0, "num_statements": 46, "percent_covered": 0.0, "percent_covered_display": "0", "missing_lines": 46, "excluded_lines": 0, "percent_statements_covered": 0.0, "percent_statements_covered_display": "0"}, "missing_lines": [7, 9, 10, 11, 12, 15, 16, 17, 18, 21, 25, 28, 29, 30, 32, 33, 34, 37, 38, 39, 43, 46, 47, 48, 51, 54, 55, 56, 57, 58, 62, 64, 66, 67, 70, 72, 73, 75, 76, 77, 81, 82, 83, 84, 86, 88], "excluded_lines": [], "functions": {"test_genesis_row_uses_zero_prev_hash": {"executed_lines": [], "summary": {"covered_lines": 0, "num_statements": 5, "percent_covered": 0.0, "percent_covered_display": "0", "missing_lines": 5, "excluded_lines": 0, "percent_statements_covered": 0.0, "percent_statements_covered_display": "0"}, "missing_lines": [16, 17, 18, 21, 25], "excluded_lines": [], "start_line": 15}, "test_second_row_links_to_genesis": {"executed_lines": [], "summary": {"covered_lines": 0, "num_statements": 5, "percent_covered": 0.0, "percent_covered_display": "0", "missing_lines": 5, "excluded_lines": 0, "percent_statements_covered": 0.0, "percent_statements_covered_display": "0"}, "missing_lines": [29, 30, 32, 33, 34], "excluded_lines": [], "start_line": 28}, "test_verify_chain_returns_none_for_clean_log": {"executed_lines": [], "summary": {"covered_lines": 0, "num_statements": 3, "percent_covered": 0.0, "percent_covered_display": "0", "missing_lines": 3, "excluded_lines": 0, "percent_statements_covered": 0.0, "percent_statements_covered_display": "0"}, "missing_lines": [38, 39, 43], "excluded_lines": [], "start_line": 37}, "test_verify_chain_flags_tampered_row": {"executed_lines": [], "summary": {"covered_lines": 0, "num_statements": 12, "percent_covered": 0.0, "percent_covered_display": "0", "missing_lines": 12, "excluded_lines": 0, "percent_statements_covered": 0.0, "percent_statements_covered_display": "0"}, "missing_lines": [47, 48, 51, 54, 55, 56, 57, 58, 62, 64, 66, 67], "excluded_lines": [], "start_line": 46}, "test_concurrent_inserts_serialize_through_for_update": {"executed_lines": [], "summary": {"covered_lines": 0, "num_statements": 9, "percent_covered": 0.0, "percent_covered_display": "0", "missing_lines": 9, "excluded_lines": 0, "percent_statements_covered": 0.0, "percent_statements_covered_display": "0"}, "missing_lines": [72, 73, 75, 81, 82, 83, 84, 86, 88], "excluded_lines": [], "start_line": 70}, "test_concurrent_inserts_serialize_through_for_update.insert_one": {"executed_lines": [], "summary": {"covered_lines": 0, "num_statements": 2, "percent_covered": 0.0, "percent_covered_display": "0", "missing_lines": 2, "excluded_lines": 0, "percent_statements_covered": 0.0, "percent_statements_covered_display": "0"}, "missing_lines": [76, 77], "excluded_lines": [], "start_line": 75}, "": {"executed_lines": [], "summary": {"covered_lines": 0, "num_statements": 10, "percent_covered": 0.0, "percent_covered_display": "0", "missing_lines": 10, "excluded_lines": 0, "percent_statements_covered": 0.0, "percent_statements_covered_display": "0"}, "missing_lines": [7, 9, 10, 11, 12, 15, 28, 37, 46, 70], "excluded_lines": [], "start_line": 1}}, "classes": {"": {"executed_lines": [], "summary": {"covered_lines": 0, "num_statements": 46, "percent_covered": 0.0, "percent_covered_display": "0", "missing_lines": 46, "excluded_lines": 0, "percent_statements_covered": 0.0, "percent_statements_covered_display": "0"}, "missing_lines": [7, 9, 10, 11, 12, 15, 16, 17, 18, 21, 25, 28, 29, 30, 32, 33, 34, 37, 38, 39, 43, 46, 47, 48, 51, 54, 55, 56, 57, 58, 62, 64, 66, 67, 70, 72, 73, 75, 76, 77, 81, 82, 83, 84, 86, 88], "excluded_lines": [], "start_line": 1}}}, "audit\\tests\\test_session_resume_actions.py": {"executed_lines": [], "summary": {"covered_lines": 0, "num_statements": 112, "percent_covered": 0.0, "percent_covered_display": "0", "missing_lines": 112, "excluded_lines": 0, "percent_statements_covered": 0.0, "percent_statements_covered_display": "0"}, "missing_lines": [10, 12, 13, 14, 16, 18, 21, 22, 30, 38, 42, 52, 53, 63, 66, 67, 69, 70, 73, 74, 78, 79, 81, 83, 88, 89, 90, 91, 92, 93, 96, 97, 101, 102, 104, 106, 111, 112, 113, 114, 115, 118, 119, 124, 125, 127, 129, 136, 137, 138, 139, 140, 141, 144, 150, 152, 158, 159, 166, 167, 172, 174, 177, 178, 179, 181, 183, 184, 185, 187, 188, 190, 195, 197, 199, 200, 201, 202, 203, 204, 205, 206, 207, 208, 211, 212, 217, 218, 220, 221, 222, 223, 225, 228, 229, 232, 233, 235, 236, 237, 239, 240, 242, 243, 244, 246, 249, 253, 255, 256, 257, 258], "excluded_lines": [], "functions": {"_now": {"executed_lines": [], "summary": {"covered_lines": 0, "num_statements": 1, "percent_covered": 0.0, "percent_covered_display": "0", "missing_lines": 1, "excluded_lines": 0, "percent_statements_covered": 0.0, "percent_statements_covered_display": "0"}, "missing_lines": [22], "excluded_lines": [], "start_line": 21}, "test_new_auth_action_types_accepted_under_existing_event_class": {"executed_lines": [], "summary": {"covered_lines": 0, "num_statements": 3, "percent_covered": 0.0, "percent_covered_display": "0", "missing_lines": 3, "excluded_lines": 0, "percent_statements_covered": 0.0, "percent_statements_covered_display": "0"}, "missing_lines": [42, 52, 53], "excluded_lines": [], "start_line": 38}, "_CapturingRecorder.__init__": {"executed_lines": [], "summary": {"covered_lines": 0, "num_statements": 1, "percent_covered": 0.0, "percent_covered_display": "0", "missing_lines": 1, "excluded_lines": 0, "percent_statements_covered": 0.0, "percent_statements_covered_display": "0"}, "missing_lines": [67], "excluded_lines": [], "start_line": 66}, "_CapturingRecorder.record": {"executed_lines": [], "summary": {"covered_lines": 0, "num_statements": 1, "percent_covered": 0.0, "percent_covered_display": "0", "missing_lines": 1, "excluded_lines": 0, "percent_statements_covered": 0.0, "percent_statements_covered_display": "0"}, "missing_lines": [70], "excluded_lines": [], "start_line": 69}, "test_resumed_true_records_session_resumed": {"executed_lines": [], "summary": {"covered_lines": 0, "num_statements": 10, "percent_covered": 0.0, "percent_covered_display": "0", "missing_lines": 10, "excluded_lines": 0, "percent_statements_covered": 0.0, "percent_statements_covered_display": "0"}, "missing_lines": [78, 79, 81, 83, 88, 89, 90, 91, 92, 93], "excluded_lines": [], "start_line": 74}, "test_resumed_false_records_login_interactive": {"executed_lines": [], "summary": {"covered_lines": 0, "num_statements": 9, "percent_covered": 0.0, "percent_covered_display": "0", "missing_lines": 9, "excluded_lines": 0, "percent_statements_covered": 0.0, "percent_statements_covered_display": "0"}, "missing_lines": [101, 102, 104, 106, 111, 112, 113, 114, 115], "excluded_lines": [], "start_line": 97}, "test_resumed_true_invalid_jwt_records_resume_failed": {"executed_lines": [], "summary": {"covered_lines": 0, "num_statements": 10, "percent_covered": 0.0, "percent_covered_display": "0", "missing_lines": 10, "excluded_lines": 0, "percent_statements_covered": 0.0, "percent_statements_covered_display": "0"}, "missing_lines": [124, 125, 127, 129, 136, 137, 138, 139, 140, 141], "excluded_lines": [], "start_line": 119}, "test_resumed_omitted_treated_as_false_for_backward_compat": {"executed_lines": [], "summary": {"covered_lines": 0, "num_statements": 4, "percent_covered": 0.0, "percent_covered_display": "0", "missing_lines": 4, "excluded_lines": 0, "percent_statements_covered": 0.0, "percent_statements_covered_display": "0"}, "missing_lines": [150, 152, 158, 159], "excluded_lines": [], "start_line": 144}, "test_session_resume_failed_rest_endpoint_records_anonymous_when_unauthenticated": {"executed_lines": [], "summary": {"covered_lines": 0, "num_statements": 23, "percent_covered": 0.0, "percent_covered_display": "0", "missing_lines": 23, "excluded_lines": 0, "percent_statements_covered": 0.0, "percent_statements_covered_display": "0"}, "missing_lines": [172, 174, 177, 178
[...]
 367, 368, 369, 370, 371, 372, 373], "summary": {"covered_lines": 9, "num_statements": 9, "percent_covered": 100.0, "percent_covered_display": "100", "missing_lines": 0, "excluded_lines": 0, "percent_statements_covered": 100.0, "percent_statements_covered_display": "100"}, "missing_lines": [], "excluded_lines": [], "start_line": 364}, "render_metric": {"executed_lines": [380, 381, 387, 388, 389, 390, 391, 392, 393, 394, 396], "summary": {"covered_lines": 11, "num_statements": 11, "percent_covered": 100.0, "percent_covered_display": "100", "missing_lines": 0, "excluded_lines": 0, "percent_statements_covered": 100.0, "percent_statements_covered_display": "100"}, "missing_lines": [], "excluded_lines": [], "start_line": 379}, "render_code": {"executed_lines": [404, 405, 406], "summary": {"covered_lines": 3, "num_statements": 3, "percent_covered": 100.0, "percent_covered_display": "100", "missing_lines": 0, "excluded_lines": 0, "percent_statements_covered": 100.0, "percent_statements_covered_display": "100"}, "missing_lines": [], "excluded_lines": [], "start_line": 403}, "render_image": {"executed_lines": [415, 416, 418, 419, 421, 423], "summary": {"covered_lines": 6, "num_statements": 9, "percent_covered": 66.66666666666667, "percent_covered_display": "67", "missing_lines": 3, "excluded_lines": 0, "percent_statements_covered": 66.66666666666667, "percent_statements_covered_display": "67"}, "missing_lines": [417, 420, 422], "excluded_lines": [], "start_line": 413}, "render_grid": {"executed_lines": [427, 428, 429, 430, 438], "summary": {"covered_lines": 5, "num_statements": 5, "percent_covered": 100.0, "percent_covered_display": "100", "missing_lines": 0, "excluded_lines": 0, "percent_statements_covered": 100.0, "percent_statements_covered_display": "100"}, "missing_lines": [], "excluded_lines": [], "start_line": 426}, "render_tabs": {"executed_lines": [443, 444, 445, 446, 448, 449, 450, 452, 453], "summary": {"covered_lines": 9, "num_statements": 10, "percent_covered": 90.0, "percent_covered_display": "90", "missing_lines": 1, "excluded_lines": 0, "percent_statements_covered": 90.0, "percent_statements_covered_display": "90"}, "missing_lines": [447], "excluded_lines": [], "start_line": 441}, "render_divider": {"executed_lines": [457], "summary": {"covered_lines": 1, "num_statements": 1, "percent_covered": 100.0, "percent_covered_display": "100", "missing_lines": 0, "excluded_lines": 0, "percent_statements_covered": 100.0, "percent_statements_covered_display": "100"}, "missing_lines": [], "excluded_lines": [], "start_line": 456}, "render_collapsible": {"executed_lines": [461, 462, 463, 464], "summary": {"covered_lines": 4, "num_statements": 4, "percent_covered": 100.0, "percent_covered_display": "100", "missing_lines": 0, "excluded_lines": 0, "percent_statements_covered": 100.0, "percent_statements_covered_display": "100"}, "missing_lines": [], "excluded_lines": [], "start_line": 460}, "_chart_div": {"executed_lines": [473, 474, 475, 476], "summary": {"covered_lines": 4, "num_statements": 4, "percent_covered": 100.0, "percent_covered_display": "100", "missing_lines": 0, "excluded_lines": 0, "percent_statements_covered": 100.0, "percent_statements_covered_display": "100"}, "missing_lines": [], "excluded_lines": [], "start_line": 472}, "render_bar_chart": {"executed_lines": [481, 482, 484, 485], "summary": {"covered_lines": 4, "num_statements": 5, "percent_covered": 80.0, "percent_covered_display": "80", "missing_lines": 1, "excluded_lines": 0, "percent_statements_covered": 80.0, "percent_statements_covered_display": "80"}, "missing_lines": [483], "excluded_lines": [], "start_line": 480}, "render_line_chart": {"executed_lines": [489, 490, 492, 493], "summary": {"covered_lines": 4, "num_statements": 5, "percent_covered": 80.0, "percent_covered_display": "80", "missing_lines": 1, "excluded_lines": 0, "percent_statements_covered": 80.0, "percent_statements_covered_display": "80"}, "missing_lines": [491], "excluded_lines": [], "start_line": 488}, "render_pie_chart": {"executed_lines": [497, 498, 500], "summary": {"covered_lines": 3, "num_statements": 4, "percent_covered": 75.0, "percent_covered_display": "75", "missing_lines": 1, "excluded_lines": 0, "percent_statements_covered": 75.0, "percent_statements_covered_display": "75"}, "missing_lines": [499], "excluded_lines": [], "start_line": 496}, "render_plotly_chart": {"executed_lines": [504, 505, 507], "summary": {"covered_lines": 3, "num_statements": 4, "percent_covered": 75.0, "percent_covered_display": "75", "missing_lines": 1, "excluded_lines": 0, "percent_statements_covered": 75.0, "percent_statements_covered_display": "75"}, "missing_lines": [506], "excluded_lines": [], "start_line": 503}, "render_color_picker": {"executed_lines": [511, 512, 513, 514], "summary": {"covered_lines": 4, "num_statements": 4, "percent_covered": 100.0, "percent_covered_display": "100", "missing_lines": 0, "excluded_lines": 0, "percent_statements_covered": 100.0, "percent_statements_covered_display": "100"}, "missing_lines": [], "excluded_lines": [], "start_line": 510}, "render_theme_apply": {"executed_lines": [524, 525, 526, 527], "summary": {"covered_lines": 4, "num_statements": 4, "percent_covered": 100.0, "percent_covered_display": "100", "missing_lines": 0, "excluded_lines": 0, "percent_statements_covered": 100.0, "percent_statements_covered_display": "100"}, "missing_lines": [], "excluded_lines": [], "start_line": 523}, "render_file_upload": {"executed_lines": [535, 536, 537], "summary": {"covered_lines": 3, "num_statements": 3, "percent_covered": 100.0, "percent_covered_display": "100", "missing_lines": 0, "excluded_lines": 0, "percent_statements_covered": 100.0, "percent_statements_covered_display": "100"}, "missing_lines": [], "excluded_lines": [], "start_line": 534}, "render_file_download": {"executed_lines": [547, 548, 549, 550, 553, 554, 555, 562], "summary": {"covered_lines": 8, "num_statements": 8, "percent_covered": 100.0, "percent_covered_display": "100", "missing_lines": 0, "excluded_lines": 0, "percent_statements_covered": 100.0, "percent_statements_covered_display": "100"}, "missing_lines": [], "excluded_lines": [], "start_line": 546}, "render_audio": {"executed_lines": [571, 572, 573, 574, 575, 576, 577, 578, 579, 580, 581, 582, 585, 586], "summary": {"covered_lines": 14, "num_statements": 14, "percent_covered": 100.0, "percent_covered_display": "100", "missing_lines": 0, "excluded_lines": 0, "percent_statements_covered": 100.0, "percent_statements_covered_display": "100"}, "missing_lines": [], "excluded_lines": [], "start_line": 570}, "render_one": {"executed_lines": [609, 611, 612, 613, 614, 615, 617, 618], "summary": {"covered_lines": 8, "num_statements": 9, "percent_covered": 88.88888888888889, "percent_covered_display": "89", "missing_lines": 1, "excluded_lines": 3, "percent_statements_covered": 88.88888888888889, "percent_statements_covered_display": "89"}, "missing_lines": [610], "excluded_lines": [619, 620, 621], "start_line": 606}, "render": {"executed_lines": [627, 628], "summary": {"covered_lines": 2, "num_statements": 2, "percent_covered": 100.0, "percent_covered_display": "100", "missing_lines": 0, "excluded_lines": 0, "percent_statements_covered": 100.0, "percent_statements_covered_display": "100"}, "missing_lines": [], "excluded_lines": [], "start_line": 625}, "render_component_fragment": {"executed_lines": [642, 643, 644, 645, 646, 647, 648], "summary": {"covered_lines": 7, "num_statements": 7, "percent_covered": 100.0, "percent_covered_display": "100", "missing_lines": 0, "excluded_lines": 0, "percent_statements_covered": 100.0, "percent_statements_covered_display": "100"}, "missing_lines": [], "excluded_lines": [], "start_line": 635}, "render_workspace": {"executed_lines": [658, 659], "summary": {"covered_lines": 2, "num_statements": 2, "percent_covered": 100.0, "percent_covered_display": "100", "missing_lines": 0, "excluded_lines": 0, "percent_statements_covered": 100.0, "percent_statements_covered_display": "100"}, "missing_lines": [], "excluded_lines": [], "start_line": 651}, "": {"executed_lines": [15, 17, 18, 19, 20, 22, 25, 32, 39, 44, 60, 67, 71, 75, 85, 90, 110, 128, 137, 202, 222, 234, 248, 299, 332, 345, 364, 379, 403, 413, 426, 441, 456, 460, 472, 480, 488, 496, 503, 510, 523, 534, 546, 570, 590, 606, 625, 635, 651], "summary": {"covered_lines": 49, "num_statements": 49, "percent_covered": 100.0, "percent_covered_display": "100", "missing_lines": 0, "excluded_lines": 0, "percent_statements_covered": 100.0, "percent_statements_covered_display": "100"}, "missing_lines": [], "excluded_lines": [], "start_line": 1}}, "classes": {"": {"executed_lines": [15, 17, 18, 19, 20, 22, 25, 32, 34, 36, 39, 41, 44, 47, 49, 50, 51, 52, 53, 55, 57, 60, 67, 68, 71, 72, 75, 77, 78, 85, 87, 90, 91, 92, 93, 98, 105, 106, 107, 110, 111, 112, 113, 114, 115, 120, 121, 128, 130, 137, 202, 222, 223, 224, 225, 226, 231, 234, 235, 236, 237, 238, 240, 242, 243, 245, 248, 249, 250, 251, 253, 254, 255, 256, 257, 258, 259, 260, 261, 262, 263, 266, 271, 272, 273, 274, 275, 276, 277, 280, 289, 299, 300, 301, 303, 304, 305, 306, 308, 309, 310, 311, 315, 316, 317, 321, 322, 323, 324, 325, 326, 329, 332, 334, 340, 341, 345, 346, 347, 353, 354, 355, 356, 357, 364, 365, 366, 367, 368, 369, 370, 371, 372, 373, 379, 380, 381, 387, 388, 389, 390, 391, 392, 393, 394, 396, 403, 404, 405, 406, 413, 415, 416, 418, 419, 421, 423, 426, 427, 428, 429, 430, 438, 441, 443, 444, 445, 446, 448, 449, 450, 452, 453, 456, 457, 460, 461, 462, 463, 464, 472, 473, 474, 475, 476, 480, 481, 482, 484, 485, 488, 489, 490, 492, 493, 496, 497, 498, 500, 503, 504, 505, 507, 510, 511, 512, 513, 514, 523, 524, 525, 526, 527, 534, 535, 536, 537, 546, 547, 548, 549, 550, 553, 554, 555, 562, 570, 571, 572, 573, 574, 575, 576, 577, 578, 579, 580, 581, 582, 585, 586, 590, 606, 609, 611, 612, 613, 614, 615, 617, 618, 625, 627, 628, 635, 642, 643, 644, 645, 646, 647, 648, 651, 658, 659], "summary": {"covered_lines": 265, "num_statements": 327, "percent_covered": 81.03975535168196, "percent_covered_display": "81", "missing_lines": 62, "excluded_lines": 3, "percent_statements_covered": 81.03975535168196, "percent_statements_covered_display": "81"}, "missing_lines": [35, 48, 54, 56, 94, 97, 138, 139, 140, 141, 142, 143, 144, 145, 146, 147, 154, 155, 156, 157, 162, 163, 164, 165, 167, 168, 169, 170, 171, 173, 178, 179, 183, 184, 185, 188, 194, 195, 203, 204, 205, 206, 207, 208, 209, 211, 212, 239, 241, 252, 302, 307, 314, 417, 420, 422, 447, 483, 491, 499, 506, 610], "excluded_lines": [619, 620, 621], "start_line": 1}}}, "webrender\\sanitize.py": {"executed_lines": [9, 11, 12, 13, 15, 18, 19, 21, 24, 25, 26, 30, 31, 32, 33, 34, 37, 38, 39, 42, 44, 47, 50, 51, 53, 54, 56, 59, 60, 61, 62, 63, 66, 68, 69, 70, 71, 72, 73, 76, 85, 86, 87, 88, 89, 90, 91, 92, 94, 95, 96, 97, 99, 100, 103, 105, 106, 111, 112, 113, 114, 118, 119, 126, 131, 133, 134, 135, 136, 137, 139, 140, 141, 142, 143, 145, 146, 147, 148, 151, 152, 153, 154, 155, 156, 157, 158, 159, 160, 162, 163, 165, 168, 169, 170, 171, 172, 175, 176, 177, 180, 181, 182, 183, 184, 185, 186, 187, 188, 194, 195, 196, 197, 198, 199, 200, 201, 203, 204, 205, 206, 209, 210, 211, 212, 213, 216, 217, 218, 219, 220, 221, 222, 223, 224, 225, 226, 227, 228, 229, 230, 233, 234, 235, 236, 238, 239, 241, 242], "summary": {"covered_lines": 149, "num_statements": 152, "percent_covered": 98.02631578947368, "percent_covered_display": "98", "missing_lines": 3, "excluded_lines": 0, "percent_statements_covered": 98.02631578947368, "percent_statements_covered_display": "98"}, "missing_lines": [20, 93, 132], "excluded_lines": [], "functions": {"_esc": {"executed_lines": [19, 21], "summary": {"covered_lines": 2, "num_statements": 3, "percent_covered": 66.66666666666667, "percent_covered_display": "67", "missing_lines": 1, "excluded_lines": 0, "percent_statements_covered": 66.66666666666667, "percent_statements_covered_display": "67"}, "missing_lines": [20], "excluded_lines": [], "start_line": 18}, "_safe_url": {"executed_lines": [25, 26], "summary": {"covered_lines": 2, "num_statements": 2, "percent_covered": 100.0, "percent_covered_display": "100", "missing_lines": 0, "excluded_lines": 0, "percent_statements_covered": 100.0, "percent_statements_covered_display": "100"}, "missing_lines": [], "excluded_lines": [], "start_line": 24}, "inline_md": {"executed_lines": [50, 51, 53, 59, 60, 61, 62, 63], "summary": {"covered_lines": 8, "num_statements": 8, "percent_covered": 100.0, "percent_covered_display": "100", "missing_lines": 0, "excluded_lines": 0, "percent_statements_covered": 100.0, "percent_statements_covered_display": "100"}, "missing_lines": [], "excluded_lines": [], "start_line": 47}, "inline_md._link": {"executed_lines": [54, 56], "summary": {"covered_lines": 2, "num_statements": 2, "percent_covered": 100.0, "percent_covered_display": "100", "missing_lines": 0, "excluded_lines": 0, "percent_statements_covered": 100.0, "percent_statements_covered_display": "100"}, "missing_lines": [], "excluded_lines": [], "start_line": 53}, "_split_table_row": {"executed_lines": [68, 69, 70, 71, 72, 73], "summary": {"covered_lines": 6, "num_statements": 6, "percent_covered": 100.0, "percent_covered_display": "100", "missing_lines": 0, "excluded_lines": 0, "percent_statements_covered": 100.0, "percent_statements_covered_display": "100"}, "missing_lines": [], "excluded_lines": [], "start_line": 66}, "_table_aligns": {"executed_lines": [85, 86, 87, 88, 89, 90, 91, 92, 94, 95, 96, 97, 99, 100], "summary": {"covered_lines": 14, "num_statements": 15, "percent_covered": 93.33333333333333, "percent_covered_display": "93", "missing_lines": 1, "excluded_lines": 0, "percent_statements_covered": 93.33333333333333, "percent_statements_covered_display": "93"}, "missing_lines": [93], "excluded_lines": [], "start_line": 76}, "_render_md_table": {"executed_lines": [105, 106, 111, 112, 113, 114, 118, 119], "summary": {"covered_lines": 8, "num_statements": 8, "percent_covered": 100.0, "percent_covered_display": "100", "missing_lines": 0, "excluded_lines": 0, "percent_statements_covered": 100.0, "percent_statements_covered_display": "100"}, "missing_lines": [], "excluded_lines": [], "start_line": 103}, "block_md": {"executed_lines": [131, 133, 134, 135, 136, 137, 139, 145, 146, 147, 148, 151, 152, 153, 154, 155, 156, 157, 158, 159, 160, 162, 163, 165, 168, 169, 170, 171, 172, 175, 176, 177, 180, 181, 182, 183, 184, 185, 186, 187, 188, 194, 195, 196, 197, 198, 199, 200, 201, 203, 204, 205, 206, 209, 210, 211, 212, 213, 216, 217, 218, 219, 220, 221, 222, 223, 224, 225, 226, 227, 228, 229, 230, 233, 234, 235, 236, 238, 239, 241, 242], "summary": {"covered_lines": 81, "num_statements": 82, "percent_covered": 98.78048780487805, "percent_covered_display": "99", "missing_lines": 1, "excluded_lines": 0, "percent_statements_covered": 98.78048780487805, "percent_statements_covered_display": "99"}, "missing_lines": [132], "excluded_lines": [], "start_line": 126}, "block_md.flush_para": {"executed_lines": [140, 141, 142, 143], "summary": {"covered_lines": 4, "num_statements": 4, "percent_covered": 100.0, "percent_covered_display": "100", "missing_lines": 0, "excluded_lines": 0, "percent_statements_covered": 100.0, "percent_statements_covered_display": "100"}, "missing_lines": [], "excluded_lines": [], "start_line": 139}, "": {"executed_lines": [9, 11, 12, 13, 15, 18, 24, 30, 31, 32, 33, 34, 37, 38, 39, 42, 44, 47, 66, 76, 103, 126], "summary": {"covered_lines": 22, "num_statements": 22, "percent_covered": 100.0, "percent_covered_display": "100", "missing_lines": 0, "excluded_lines": 0, "percent_statements_covered": 100.0, "percent_statements_covered_display": "100"}, "missing_lines": [], "excluded_lines": [], "start_line": 1}}, "classes": {"": {"executed_lines": [9, 11, 12, 13, 15, 18, 19, 21, 24, 25, 26, 30, 31, 32, 33, 34, 37, 38, 39, 42, 44, 47, 50, 51, 53, 54, 56, 59, 60, 61, 62, 63, 66, 68, 69, 70, 71, 72, 73, 76, 85, 86, 87, 88, 89, 90, 91, 92, 94, 95, 96, 97, 99, 100, 103, 105, 106, 111, 112, 113, 114, 118, 119, 126, 131, 133, 134, 135, 136, 137, 139, 140, 141, 142, 143, 145, 146, 147, 148, 151, 152, 153, 154, 155, 156, 157, 158, 159, 160, 162, 163, 165, 168, 169, 170, 171, 172, 175, 176, 177, 180, 181, 182, 183, 184, 185, 186, 187, 188, 194, 195, 196, 197, 198, 199, 200, 201, 203, 204, 205, 206, 209, 210, 211, 212, 213, 216, 217, 218, 219, 220, 221, 222, 223, 224, 225, 226, 227, 228, 229, 230, 233, 234, 235, 236, 238, 239, 241, 242], "summary": {"covered_lines": 149, "num_statements": 152, "percent_covered": 98.02631578947368, "percent_covered_display": "98", "missing_lines": 3, "excluded_lines": 0, "percent_statements_covered": 98.02631578947368, "percent_statements_covered_display": "98"}, "missing_lines": [20, 93, 132], "excluded_lines": [], "start_line": 1}}}, "webrender\\targets\\__init__.py": {"executed_lines": [], "summary": {"covered_lines": 0, "num_statements": 0, "percent_covered": 100.0, "percent_covered_display": "100", "missing_lines": 0, "excluded_lines": 0, "percent_statements_covered": 100.0, "percent_statements_covered_display": "100"}, "missing_lines": [], "excluded_lines": [], "functions": {"": {"executed_lines": [], "summary": {"covered_lines": 0, "num_statements": 0, "percent_covered": 100.0, "percent_covered_display": "100", "missing_lines": 0, "excluded_lines": 0, "percent_statements_covered": 100.0, "percent_statements_covered_display": "100"}, "missing_lines": [], "excluded_lines": [], "start_line": 1}}, "classes": {"": {"executed_lines": [], "summary": {"covered_lines": 0, "num_statements": 0, "percent_covered": 100.0, "percent_covered_display": "100", "missing_lines": 0, "excluded_lines": 0, "percent_statements_covered": 100.0, "percent_statements_covered_display": "100"}, "missing_lines": [], "excluded_lines": [], "start_line": 1}}}, "webrender\\targets\\stub_renderer.py": {"executed_lines": [12, 14, 15, 17, 19, 22, 25, 26, 27, 28, 29, 32, 33], "summary": {"covered_lines": 13, "num_statements": 13, "percent_covered": 100.0, "percent_covered_display": "100", "missing_lines": 0, "excluded_lines": 0, "percent_statements_covered": 100.0, "percent_statements_covered_display": "100"}, "missing_lines": [], "excluded_lines": [], "functions": {"render_stub": {"executed_lines": [25, 26, 27, 28, 29], "summary": {"covered_lines": 5, "num_statements": 5, "percent_covered": 100.0, "percent_covered_display": "100", "missing_lines": 0, "excluded_lines": 0, "percent_statements_covered": 100.0, "percent_statements_covered_display": "100"}, "missing_lines": [], "excluded_lines": [], "start_line": 22}, "install": {"executed_lines": [33], "summary": {"covered_lines": 1, "num_statements": 1, "percent_covered": 100.0, "percent_covered_display": "100", "missing_lines": 0, "excluded_lines": 0, "percent_statements_covered": 100.0, "percent_statements_covered_display": "100"}, "missing_lines": [], "excluded_lines": [], "start_line": 32}, "": {"executed_lines": [12, 14, 15, 17, 19, 22, 32], "summary": {"covered_lines": 7, "num_statements": 7, "percent_covered": 100.0, "percent_covered_display": "100", "missing_lines": 0, "excluded_lines": 0, "percent_statements_covered": 100.0, "percent_statements_covered_display": "100"}, "missing_lines": [], "excluded_lines": [], "start_line": 1}}, "classes": {"": {"executed_lines": [12, 14, 15, 17, 19, 22, 25, 26, 27, 28, 29, 32, 33], "summary": {"covered_lines": 13, "num_statements": 13, "percent_covered": 100.0, "percent_covered_display": "100", "missing_lines": 0, "excluded_lines": 0, "percent_statements_covered": 100.0, "percent_statements_covered_display": "100"}, "missing_lines": [], "excluded_lines": [], "start_line": 1}}}}, "totals": {"covered_lines": 7157, "num_statements": 15624, "percent_covered": 45.80773169482847, "percent_covered_display": "46", "missing_lines": 8467, "excluded_lines": 153, "percent_statements_covered": 45.80773169482847, "percent_statements_covered_display": "46"}}